<?xml version="1.0" encoding="UTF-8"?>
<coverage generated="1769898323459" clover="3.2.0">
  <project timestamp="1769898323459" name="All files">
    <metrics statements="412" coveredstatements="322" conditionals="304" coveredconditionals="201" methods="110" coveredmethods="89" elements="826" coveredelements="612" complexity="0" loc="412" ncloc="412" packages="5" files="14" classes="14"/>
    <package name="__tests__">
      <metrics statements="21" coveredstatements="19" conditionals="19" coveredconditionals="17" methods="12" coveredmethods="11"/>
      <file name="factories.ts" path="/home/user/feed-ai/web/src/__tests__/factories.ts">
        <metrics statements="12" coveredstatements="12" conditionals="12" coveredconditionals="10" methods="6" coveredmethods="6"/>
        <line num="10" count="25" type="stmt"/>
        <line num="20" count="6" type="stmt"/>
        <line num="22" count="4" type="cond" truecount="1" falsecount="1"/>
        <line num="23" count="4" type="cond" truecount="1" falsecount="1"/>
        <line num="24" count="4" type="stmt"/>
        <line num="32" count="6" type="stmt"/>
        <line num="46" count="6" type="stmt"/>
        <line num="47" count="3" type="stmt"/>
        <line num="60" count="6" type="stmt"/>
        <line num="61" count="3" type="stmt"/>
        <line num="72" count="6" type="stmt"/>
        <line num="73" count="3" type="stmt"/>
      </file>
      <file name="helpers.ts" path="/home/user/feed-ai/web/src/__tests__/helpers.ts">
        <metrics statements="9" coveredstatements="7" conditionals="7" coveredconditionals="7" methods="6" coveredmethods="5"/>
        <line num="6" count="22" type="stmt"/>
        <line num="9" count="43" type="stmt"/>
        <line num="10" count="66" type="cond" truecount="2" falsecount="0"/>
        <line num="11" count="43" type="stmt"/>
        <line num="14" count="43" type="stmt"/>
        <line num="18" count="0" type="stmt"/>
        <line num="21" count="0" type="stmt"/>
        <line num="28" count="20" type="stmt"/>
        <line num="33" count="18" type="stmt"/>
      </file>
    </package>
    <package name="components">
      <metrics statements="148" coveredstatements="121" conditionals="92" coveredconditionals="71" methods="42" coveredmethods="37"/>
      <file name="CategoryFilter.vue" path="/home/user/feed-ai/web/src/components/CategoryFilter.vue">
        <metrics statements="85" coveredstatements="60" conditionals="42" coveredconditionals="25" methods="20" coveredmethods="16"/>
        <line num="5" count="24" type="stmt"/>
        <line num="11" count="24" type="stmt"/>
        <line num="15" count="24" type="stmt"/>
        <line num="22" count="24" type="stmt"/>
        <line num="23" count="24" type="stmt"/>
        <line num="24" count="24" type="stmt"/>
        <line num="25" count="79" type="cond" truecount="2" falsecount="0"/>
        <line num="27" count="24" type="stmt"/>
        <line num="31" count="24" type="stmt"/>
        <line num="32" count="24" type="stmt"/>
        <line num="33" count="24" type="stmt"/>
        <line num="34" count="24" type="stmt"/>
        <line num="37" count="28" type="cond" truecount="1" falsecount="1"/>
        <line num="38" count="28" type="stmt"/>
        <line num="39" count="28" type="stmt"/>
        <line num="40" count="28" type="stmt"/>
        <line num="41" count="112" type="stmt"/>
        <line num="42" count="112" type="stmt"/>
        <line num="50" count="2" type="stmt"/>
        <line num="51" count="2" type="stmt"/>
        <line num="52" count="2" type="stmt"/>
        <line num="53" count="8" type="stmt"/>
        <line num="54" count="8" type="stmt"/>
        <line num="55" count="8" type="cond" truecount="2" falsecount="0"/>
        <line num="56" count="2" type="stmt"/>
        <line num="57" count="2" type="stmt"/>
        <line num="60" count="2" type="stmt"/>
        <line num="64" count="24" type="stmt"/>
        <line num="65" count="26" type="stmt"/>
        <line num="66" count="24" type="cond" truecount="1" falsecount="1"/>
        <line num="67" count="24" type="stmt"/>
        <line num="68" count="24" type="stmt"/>
        <line num="72" count="24" type="stmt"/>
        <line num="73" count="24" type="stmt"/>
        <line num="74" count="24" type="stmt"/>
        <line num="75" count="0" type="stmt"/>
        <line num="77" count="24" type="stmt"/>
        <line num="78" count="24" type="stmt"/>
        <line num="79" count="0" type="stmt"/>
        <line num="83" count="24" type="stmt"/>
        <line num="84" count="24" type="stmt"/>
        <line num="86" count="0" type="cond" truecount="0" falsecount="5"/>
        <line num="87" count="0" type="stmt"/>
        <line num="88" count="0" type="cond" truecount="0" falsecount="2"/>
        <line num="90" count="0" type="stmt"/>
        <line num="91" count="0" type="stmt"/>
        <line num="92" count="0" type="stmt"/>
        <line num="94" count="0" type="stmt"/>
        <line num="96" count="0" type="stmt"/>
        <line num="102" count="24" type="stmt"/>
        <line num="103" count="24" type="stmt"/>
        <line num="106" count="2" type="stmt"/>
        <line num="107" count="2" type="stmt"/>
        <line num="108" count="2" type="cond" truecount="3" falsecount="1"/>
        <line num="110" count="2" type="stmt"/>
        <line num="111" count="2" type="stmt"/>
        <line num="112" count="2" type="stmt"/>
        <line num="113" count="2" type="stmt"/>
        <line num="117" count="0" type="cond" truecount="0" falsecount="5"/>
        <line num="118" count="0" type="stmt"/>
        <line num="120" count="0" type="stmt"/>
        <line num="121" count="0" type="stmt"/>
        <line num="122" count="0" type="stmt"/>
        <line num="124" count="0" type="stmt"/>
        <line num="125" count="0" type="stmt"/>
        <line num="127" count="0" type="stmt"/>
        <line num="128" count="0" type="stmt"/>
        <line num="129" count="0" type="stmt"/>
        <line num="131" count="0" type="stmt"/>
        <line num="135" count="0" type="stmt"/>
        <line num="139" count="2" type="cond" truecount="4" falsecount="1"/>
        <line num="140" count="0" type="stmt"/>
        <line num="141" count="2" type="stmt"/>
        <line num="143" count="2" type="stmt"/>
        <line num="144" count="2" type="stmt"/>
        <line num="145" count="2" type="stmt"/>
        <line num="147" count="2" type="stmt"/>
        <line num="148" count="2" type="stmt"/>
        <line num="152" count="3" type="cond" truecount="1" falsecount="1"/>
        <line num="153" count="0" type="stmt"/>
        <line num="154" count="0" type="stmt"/>
        <line num="156" count="3" type="stmt"/>
        <line num="161" count="28" type="stmt"/>
        <line num="179" count="112" type="stmt"/>
        <line num="188" count="3" type="stmt"/>
      </file>
      <file name="DataTable.vue" path="/home/user/feed-ai/web/src/components/DataTable.vue">
        <metrics statements="4" coveredstatements="4" conditionals="4" coveredconditionals="4" methods="1" coveredmethods="1"/>
        <line num="10" count="57" type="stmt"/>
        <line num="11" count="2" type="stmt"/>
        <line num="13" count="2" type="stmt"/>
        <line num="16" count="302" type="stmt"/>
      </file>
      <file name="DateHeader.vue" path="/home/user/feed-ai/web/src/components/DateHeader.vue">
        <metrics statements="9" coveredstatements="9" conditionals="8" coveredconditionals="8" methods="4" coveredmethods="4"/>
        <line num="18" count="21" type="stmt"/>
        <line num="19" count="2" type="stmt"/>
        <line num="25" count="1" type="cond" truecount="2" falsecount="0"/>
        <line num="41" count="21" type="cond" truecount="2" falsecount="0"/>
        <line num="44" count="2" type="stmt"/>
        <line num="45" count="2" type="stmt"/>
        <line num="48" count="2" type="stmt"/>
        <line num="56" count="1" type="cond" truecount="2" falsecount="0"/>
        <line num="72" count="21" type="cond" truecount="2" falsecount="0"/>
      </file>
      <file name="DigestCard.vue" path="/home/user/feed-ai/web/src/components/DigestCard.vue">
        <metrics statements="40" coveredstatements="38" conditionals="32" coveredconditionals="28" methods="13" coveredmethods="12"/>
        <line num="7" count="87" type="stmt"/>
        <line num="11" count="87" type="stmt"/>
        <line num="12" count="87" type="stmt"/>
        <line num="14" count="87" type="stmt"/>
        <line num="17" count="0" type="stmt"/>
        <line num="23" count="2" type="stmt"/>
        <line num="24" count="2" type="stmt"/>
        <line num="25" count="2" type="cond" truecount="2" falsecount="0"/>
        <line num="26" count="1" type="stmt"/>
        <line num="31" count="1" type="stmt"/>
        <line num="39" count="1" type="stmt"/>
        <line num="40" count="1" type="stmt"/>
        <line num="46" count="87" type="stmt"/>
        <line num="52" count="87" type="stmt"/>
        <line num="58" count="87" type="stmt"/>
        <line num="59" count="87" type="cond" truecount="2" falsecount="0"/>
        <line num="62" count="87" type="stmt"/>
        <line num="63" count="87" type="stmt"/>
        <line num="64" count="87" type="stmt"/>
        <line num="65" count="87" type="stmt"/>
        <line num="67" count="0" type="stmt"/>
        <line num="72" count="14" type="stmt"/>
        <line num="73" count="14" type="cond" truecount="1" falsecount="1"/>
        <line num="75" count="14" type="stmt"/>
        <line num="77" count="14" type="cond" truecount="2" falsecount="0"/>
        <line num="78" count="13" type="cond" truecount="2" falsecount="0"/>
        <line num="79" count="2" type="cond" truecount="2" falsecount="0"/>
        <line num="80" count="1" type="stmt"/>
        <line num="85" count="87" type="stmt"/>
        <line num="92" count="87" type="stmt"/>
        <line num="93" count="3" type="stmt"/>
        <line num="109" count="3" type="stmt"/>
        <line num="129" count="3" type="stmt"/>
        <line num="136" count="3" type="stmt"/>
        <line num="145" count="3" type="stmt"/>
        <line num="161" count="1" type="cond" truecount="2" falsecount="0"/>
        <line num="172" count="3" type="stmt"/>
        <line num="174" count="4" type="stmt"/>
        <line num="215" count="4" type="stmt"/>
        <line num="216" count="95" type="stmt"/>
      </file>
      <file name="DigestFeed.vue" path="/home/user/feed-ai/web/src/components/DigestFeed.vue">
        <metrics statements="3" coveredstatements="3" conditionals="0" coveredconditionals="0" methods="1" coveredmethods="1"/>
        <line num="11" count="44" type="stmt"/>
        <line num="13" count="2" type="stmt"/>
        <line num="15" count="67" type="stmt"/>
      </file>
      <file name="EmptyState.vue" path="/home/user/feed-ai/web/src/components/EmptyState.vue">
        <metrics statements="4" coveredstatements="4" conditionals="2" coveredconditionals="2" methods="2" coveredmethods="2"/>
        <line num="10" count="5" type="stmt"/>
        <line num="11" count="2" type="stmt"/>
        <line num="19" count="5" type="cond" truecount="2" falsecount="0"/>
        <line num="26" count="5" type="stmt"/>
      </file>
      <file name="StatCard.vue" path="/home/user/feed-ai/web/src/components/StatCard.vue">
        <metrics statements="3" coveredstatements="3" conditionals="4" coveredconditionals="4" methods="1" coveredmethods="1"/>
        <line num="13" count="74" type="stmt"/>
        <line num="24" count="74" type="stmt"/>
        <line num="25" count="2" type="stmt"/>
      </file>
    </package>
    <package name="composables">
      <metrics statements="93" coveredstatements="87" conditionals="48" coveredconditionals="37" methods="15" coveredmethods="15"/>
      <file name="useDashboard.ts" path="/home/user/feed-ai/web/src/composables/useDashboard.ts">
        <metrics statements="15" coveredstatements="15" conditionals="4" coveredconditionals="4" methods="2" coveredmethods="2"/>
        <line num="3" count="2" type="cond" truecount="2" falsecount="0"/>
        <line num="54" count="22" type="stmt"/>
        <line num="55" count="22" type="stmt"/>
        <line num="56" count="22" type="stmt"/>
        <line num="59" count="23" type="stmt"/>
        <line num="60" count="23" type="stmt"/>
        <line num="62" count="23" type="stmt"/>
        <line num="63" count="23" type="stmt"/>
        <line num="65" count="21" type="cond" truecount="2" falsecount="0"/>
        <line num="66" count="2" type="stmt"/>
        <line num="67" count="2" type="stmt"/>
        <line num="70" count="19" type="stmt"/>
        <line num="72" count="1" type="stmt"/>
        <line num="74" count="22" type="stmt"/>
        <line num="78" count="22" type="stmt"/>
      </file>
      <file name="useDigest.ts" path="/home/user/feed-ai/web/src/composables/useDigest.ts">
        <metrics statements="78" coveredstatements="72" conditionals="44" coveredconditionals="33" methods="13" coveredmethods="13"/>
        <line num="4" count="2" type="cond" truecount="2" falsecount="0"/>
        <line num="7" count="32" type="stmt"/>
        <line num="11" count="24" type="stmt"/>
        <line num="12" count="24" type="stmt"/>
        <line num="13" count="24" type="stmt"/>
        <line num="14" count="24" type="stmt"/>
        <line num="15" count="24" type="stmt"/>
        <line num="17" count="24" type="stmt"/>
        <line num="20" count="24" type="stmt"/>
        <line num="21" count="24" type="stmt"/>
        <line num="22" count="22" type="cond" truecount="1" falsecount="1"/>
        <line num="23" count="22" type="stmt"/>
        <line num="24" count="45" type="stmt"/>
        <line num="35" count="21" type="cond" truecount="2" falsecount="0"/>
        <line num="36" count="18" type="stmt"/>
        <line num="38" count="21" type="stmt"/>
        <line num="39" count="21" type="stmt"/>
        <line num="41" count="21" type="stmt"/>
        <line num="42" count="21" type="stmt"/>
        <line num="43" count="21" type="cond" truecount="1" falsecount="1"/>
        <line num="44" count="0" type="stmt"/>
        <line num="48" count="0" type="stmt"/>
        <line num="49" count="0" type="stmt"/>
        <line num="51" count="21" type="stmt"/>
        <line num="52" count="21" type="cond" truecount="1" falsecount="1"/>
        <line num="53" count="21" type="stmt"/>
        <line num="54" count="21" type="cond" truecount="1" falsecount="1"/>
        <line num="57" count="0" type="stmt"/>
        <line num="58" count="0" type="stmt"/>
        <line num="59" count="0" type="stmt"/>
        <line num="61" count="21" type="stmt"/>
        <line num="66" count="19" type="stmt"/>
        <line num="67" count="19" type="stmt"/>
        <line num="68" count="19" type="cond" truecount="2" falsecount="0"/>
        <line num="69" count="13" type="stmt"/>
        <line num="70" count="13" type="stmt"/>
        <line num="72" count="6" type="stmt"/>
        <line num="77" count="8" type="cond" truecount="2" falsecount="0"/>
        <line num="78" count="8" type="stmt"/>
        <line num="79" count="8" type="stmt"/>
        <line num="83" count="7" type="stmt"/>
        <line num="84" count="7" type="stmt"/>
        <line num="85" count="7" type="stmt"/>
        <line num="86" count="7" type="stmt"/>
        <line num="87" count="7" type="stmt"/>
        <line num="91" count="3" type="cond" truecount="2" falsecount="0"/>
        <line num="92" count="1" type="cond" truecount="1" falsecount="1"/>
        <line num="93" count="1" type="stmt"/>
        <line num="94" count="1" type="stmt"/>
        <line num="95" count="1" type="stmt"/>
        <line num="97" count="2" type="stmt"/>
        <line num="98" count="2" type="cond" truecount="2" falsecount="0"/>
        <line num="99" count="1" type="stmt"/>
        <line num="100" count="1" type="stmt"/>
        <line num="101" count="1" type="stmt"/>
        <line num="105" count="3" type="cond" truecount="2" falsecount="0"/>
        <line num="107" count="2" type="stmt"/>
        <line num="108" count="2" type="stmt"/>
        <line num="110" count="2" type="cond" truecount="4" falsecount="0"/>
        <line num="111" count="1" type="stmt"/>
        <line num="112" count="1" type="stmt"/>
        <line num="115" count="1" type="stmt"/>
        <line num="116" count="1" type="cond" truecount="1" falsecount="1"/>
        <line num="117" count="1" type="stmt"/>
        <line num="118" count="1" type="stmt"/>
        <line num="119" count="1" type="stmt"/>
        <line num="122" count="24" type="stmt"/>
        <line num="123" count="13" type="cond" truecount="2" falsecount="0"/>
        <line num="124" count="11" type="stmt"/>
        <line num="127" count="24" type="stmt"/>
        <line num="128" count="13" type="cond" truecount="2" falsecount="0"/>
        <line num="129" count="11" type="stmt"/>
        <line num="130" count="11" type="stmt"/>
        <line num="131" count="11" type="cond" truecount="1" falsecount="1"/>
        <line num="134" count="24" type="stmt"/>
        <line num="135" count="13" type="cond" truecount="2" falsecount="0"/>
        <line num="138" count="13" type="stmt"/>
        <line num="145" count="24" type="stmt"/>
      </file>
    </package>
    <package name="utils">
      <metrics statements="9" coveredstatements="9" conditionals="14" coveredconditionals="14" methods="2" coveredmethods="2"/>
      <file name="formatting.ts" path="/home/user/feed-ai/web/src/utils/formatting.ts">
        <metrics statements="9" coveredstatements="9" conditionals="14" coveredconditionals="14" methods="2" coveredmethods="2"/>
        <line num="2" count="57" type="cond" truecount="2" falsecount="0"/>
        <line num="3" count="55" type="stmt"/>
        <line num="4" count="55" type="cond" truecount="2" falsecount="0"/>
        <line num="5" count="54" type="cond" truecount="2" falsecount="0"/>
        <line num="6" count="53" type="cond" truecount="2" falsecount="0"/>
        <line num="7" count="52" type="stmt"/>
        <line num="11" count="56" type="cond" truecount="4" falsecount="0"/>
        <line num="12" count="55" type="cond" truecount="2" falsecount="0"/>
        <line num="13" count="53" type="stmt"/>
      </file>
    </package>
    <package name="views">
      <metrics statements="141" coveredstatements="86" conditionals="131" coveredconditionals="62" methods="39" coveredmethods="24"/>
      <file name="DashboardView.vue" path="/home/user/feed-ai/web/src/views/DashboardView.vue">
        <metrics statements="39" coveredstatements="39" conditionals="32" coveredconditionals="28" methods="11" coveredmethods="11"/>
        <line num="9" count="18" type="stmt"/>
        <line num="11" count="18" type="stmt"/>
        <line num="21" count="18" type="stmt"/>
        <line num="30" count="18" type="stmt"/>
        <line num="37" count="18" type="stmt"/>
        <line num="41" count="55" type="stmt"/>
        <line num="42" count="1" type="stmt"/>
        <line num="44" count="1" type="stmt"/>
        <line num="51" count="18" type="cond" truecount="2" falsecount="0"/>
        <line num="67" count="1" type="stmt"/>
        <line num="75" count="1" type="stmt"/>
        <line num="111" count="17" type="cond" truecount="2" falsecount="0"/>
        <line num="117" count="17" type="stmt"/>
        <line num="118" count="17" type="stmt"/>
        <line num="122" count="1" type="stmt"/>
        <line num="125" count="1" type="stmt"/>
        <line num="126" count="1" type="stmt"/>
        <line num="129" count="1" type="stmt"/>
        <line num="132" count="1" type="stmt"/>
        <line num="135" count="1" type="stmt"/>
        <line num="142" count="1" type="stmt"/>
        <line num="174" count="17" type="cond" truecount="2" falsecount="0"/>
        <line num="180" count="17" type="stmt"/>
        <line num="181" count="17" type="stmt"/>
        <line num="185" count="1" type="stmt"/>
        <line num="188" count="1" type="stmt"/>
        <line num="199" count="1" type="stmt"/>
        <line num="200" count="1" type="stmt"/>
        <line num="203" count="1" type="stmt"/>
        <line num="214" count="1" type="stmt"/>
        <line num="234" count="17" type="cond" truecount="2" falsecount="0"/>
        <line num="240" count="17" type="stmt"/>
        <line num="241" count="17" type="stmt"/>
        <line num="245" count="1" type="stmt"/>
        <line num="248" count="1" type="stmt"/>
        <line num="259" count="1" type="stmt"/>
        <line num="260" count="1" type="stmt"/>
        <line num="268" count="1" type="stmt"/>
        <line num="271" count="1" type="cond" truecount="4" falsecount="0"/>
      </file>
      <file name="FeedView.vue" path="/home/user/feed-ai/web/src/views/FeedView.vue">
        <metrics statements="102" coveredstatements="47" conditionals="99" coveredconditionals="34" methods="28" coveredmethods="13"/>
        <line num="13" count="12" type="stmt"/>
        <line num="14" count="12" type="stmt"/>
        <line num="16" count="12" type="stmt"/>
        <line num="17" count="12" type="cond" truecount="2" falsecount="0"/>
        <line num="20" count="1" type="stmt"/>
        <line num="23" count="1" type="stmt"/>
        <line num="24" count="1" type="stmt"/>
        <line num="37" count="12" type="stmt"/>
        <line num="40" count="50" type="cond" truecount="1" falsecount="1"/>
        <line num="41" count="50" type="cond" truecount="2" falsecount="0"/>
        <line num="42" count="90" type="stmt"/>
        <line num="46" count="12" type="stmt"/>
        <line num="49" count="0" type="cond" truecount="0" falsecount="2"/>
        <line num="50" count="0" type="stmt"/>
        <line num="51" count="0" type="cond" truecount="0" falsecount="2"/>
        <line num="53" count="0" type="stmt"/>
        <line num="54" count="0" type="cond" truecount="0" falsecount="2"/>
        <line num="56" count="0" type="stmt"/>
        <line num="57" count="0" type="stmt"/>
        <line num="58" count="0" type="cond" truecount="0" falsecount="2"/>
        <line num="59" count="0" type="cond" truecount="0" falsecount="2"/>
        <line num="60" count="0" type="cond" truecount="0" falsecount="2"/>
        <line num="62" count="0" type="cond" truecount="0" falsecount="2"/>
        <line num="64" count="0" type="stmt"/>
        <line num="69" count="0" type="cond" truecount="0" falsecount="2"/>
        <line num="70" count="0" type="stmt"/>
        <line num="71" count="0" type="stmt"/>
        <line num="75" count="12" type="stmt"/>
        <line num="78" count="0" type="stmt"/>
        <line num="82" count="0" type="stmt"/>
        <line num="86" count="12" type="stmt"/>
        <line num="89" count="0" type="stmt"/>
        <line num="90" count="0" type="stmt"/>
        <line num="94" count="0" type="stmt"/>
        <line num="99" count="0" type="stmt"/>
        <line num="100" count="0" type="stmt"/>
        <line num="105" count="0" type="stmt"/>
        <line num="106" count="0" type="stmt"/>
        <line num="107" count="0" type="cond" truecount="0" falsecount="2"/>
        <line num="108" count="0" type="cond" truecount="0" falsecount="2"/>
        <line num="110" count="0" type="stmt"/>
        <line num="115" count="12" type="stmt"/>
        <line num="116" count="22" type="stmt"/>
        <line num="118" count="10" type="cond" truecount="1" falsecount="1"/>
        <line num="119" count="10" type="cond" truecount="2" falsecount="0"/>
        <line num="120" count="9" type="stmt"/>
        <line num="132" count="12" type="stmt"/>
        <line num="133" count="0" type="cond" truecount="0" falsecount="2"/>
        <line num="137" count="12" type="stmt"/>
        <line num="138" count="12" type="stmt"/>
        <line num="139" count="12" type="stmt"/>
        <line num="140" count="12" type="stmt"/>
        <line num="141" count="12" type="stmt"/>
        <line num="142" count="12" type="stmt"/>
        <line num="143" count="0" type="cond" truecount="0" falsecount="2"/>
        <line num="144" count="0" type="cond" truecount="0" falsecount="2"/>
        <line num="150" count="0" type="cond" truecount="0" falsecount="2"/>
        <line num="151" count="0" type="cond" truecount="0" falsecount="2"/>
        <line num="152" count="0" type="stmt"/>
        <line num="156" count="0" type="cond" truecount="0" falsecount="5"/>
        <line num="157" count="0" type="cond" truecount="0" falsecount="2"/>
        <line num="158" count="0" type="cond" truecount="0" falsecount="2"/>
        <line num="159" count="0" type="cond" truecount="0" falsecount="4"/>
        <line num="160" count="0" type="stmt"/>
        <line num="161" count="0" type="stmt"/>
        <line num="163" count="0" type="stmt"/>
        <line num="164" count="0" type="stmt"/>
        <line num="165" count="0" type="cond" truecount="0" falsecount="4"/>
        <line num="166" count="0" type="cond" truecount="0" falsecount="2"/>
        <line num="167" count="0" type="stmt"/>
        <line num="172" count="0" type="cond" truecount="0" falsecount="4"/>
        <line num="173" count="0" type="stmt"/>
        <line num="174" count="0" type="stmt"/>
        <line num="175" count="0" type="stmt"/>
        <line num="176" count="0" type="stmt"/>
        <line num="177" count="0" type="stmt"/>
        <line num="178" count="0" type="stmt"/>
        <line num="180" count="0" type="stmt"/>
        <line num="181" count="0" type="stmt"/>
        <line num="184" count="12" type="stmt"/>
        <line num="185" count="12" type="stmt"/>
        <line num="186" count="12" type="cond" truecount="2" falsecount="0"/>
        <line num="187" count="1" type="stmt"/>
        <line num="189" count="11" type="stmt"/>
        <line num="195" count="34" type="stmt"/>
        <line num="207" count="1" type="stmt"/>
        <line num="219" count="1" type="stmt"/>
        <line num="228" count="1" type="stmt"/>
        <line num="229" count="50" type="stmt"/>
        <line num="261" count="12" type="stmt"/>
        <line num="263" count="1" type="stmt"/>
        <line num="268" count="12" type="stmt"/>
        <line num="273" count="1" type="stmt"/>
        <line num="279" count="0" type="cond" truecount="2" falsecount="0"/>
        <line num="280" count="0" type="cond" truecount="2" falsecount="0"/>
        <line num="292" count="1" type="stmt"/>
        <line num="316" count="40" type="stmt"/>
        <line num="317" count="10" type="stmt"/>
        <line num="325" count="40" type="stmt"/>
        <line num="329" count="12" type="stmt"/>
        <line num="334" count="1" type="stmt"/>
        <line num="339" count="12" type="stmt"/>
      </file>
    </package>
  </project>
</coverage>
