{"/home/user/feed-ai/web/src/__tests__/factories.ts": {"path":"/home/user/feed-ai/web/src/__tests__/factories.ts","statementMap":{"0":{"start":{"line":10,"column":33},"end":{"line":18,"column":null}},"1":{"start":{"line":10,"column":79},"end":{"line":18,"column":2}},"2":{"start":{"line":20,"column":29},"end":{"line":30,"column":null}},"3":{"start":{"line":22,"column":4},"end":{"line":22,"column":null}},"4":{"start":{"line":23,"column":16},"end":{"line":23,"column":null}},"5":{"start":{"line":24,"column":2},"end":{"line":29,"column":null}},"6":{"start":{"line":32,"column":30},"end":{"line":44,"column":null}},"7":{"start":{"line":32,"column":78},"end":{"line":44,"column":2}},"8":{"start":{"line":46,"column":35},"end":{"line":58,"column":null}},"9":{"start":{"line":47,"column":21},"end":{"line":57,"column":null}},"10":{"start":{"line":60,"column":31},"end":{"line":70,"column":null}},"11":{"start":{"line":61,"column":21},"end":{"line":69,"column":null}},"12":{"start":{"line":72,"column":36},"end":{"line":86,"column":null}},"13":{"start":{"line":73,"column":19},"end":{"line":85,"column":null}}},"fnMap":{"0":{"name":"(anonymous_0)","decl":{"start":{"line":10,"column":60},"end":{"line":10,"column":61}},"loc":{"start":{"line":10,"column":79},"end":{"line":18,"column":2}},"line":10},"1":{"name":"(anonymous_1)","decl":{"start":{"line":20,"column":52},"end":{"line":20,"column":53}},"loc":{"start":{"line":20,"column":78},"end":{"line":30,"column":1}},"line":20},"2":{"name":"(anonymous_2)","decl":{"start":{"line":32,"column":59},"end":{"line":32,"column":60}},"loc":{"start":{"line":32,"column":78},"end":{"line":44,"column":2}},"line":32},"3":{"name":"(anonymous_3)","decl":{"start":{"line":47,"column":2},"end":{"line":47,"column":3}},"loc":{"start":{"line":47,"column":21},"end":{"line":57,"column":null}},"line":47},"4":{"name":"(anonymous_4)","decl":{"start":{"line":61,"column":2},"end":{"line":61,"column":3}},"loc":{"start":{"line":61,"column":21},"end":{"line":69,"column":null}},"line":61},"5":{"name":"(anonymous_5)","decl":{"start":{"line":73,"column":2},"end":{"line":73,"column":3}},"loc":{"start":{"line":73,"column":19},"end":{"line":85,"column":null}},"line":73}},"branchMap":{"0":{"loc":{"start":{"line":22,"column":4},"end":{"line":22,"column":null}},"type":"binary-expr","locations":[{"start":{"line":22,"column":4},"end":{"line":22,"column":19}},{"start":{"line":22,"column":19},"end":{"line":22,"column":null}}],"line":22},"1":{"loc":{"start":{"line":23,"column":16},"end":{"line":23,"column":null}},"type":"binary-expr","locations":[{"start":{"line":23,"column":16},"end":{"line":23,"column":32}},{"start":{"line":23,"column":32},"end":{"line":23,"column":null}}],"line":23},"2":{"loc":{"start":{"line":74,"column":8},"end":{"line":79,"column":null}},"type":"binary-expr","locations":[{"start":{"line":74,"column":8},"end":{"line":74,"column":21}},{"start":{"line":74,"column":21},"end":{"line":79,"column":null}}],"line":74},"3":{"loc":{"start":{"line":80,"column":13},"end":{"line":80,"column":null}},"type":"binary-expr","locations":[{"start":{"line":80,"column":13},"end":{"line":80,"column":31}},{"start":{"line":80,"column":31},"end":{"line":80,"column":null}}],"line":80},"4":{"loc":{"start":{"line":81,"column":12},"end":{"line":83,"column":null}},"type":"binary-expr","locations":[{"start":{"line":81,"column":12},"end":{"line":81,"column":29}},{"start":{"line":81,"column":29},"end":{"line":83,"column":null}}],"line":81},"5":{"loc":{"start":{"line":84,"column":18},"end":{"line":84,"column":null}},"type":"binary-expr","locations":[{"start":{"line":84,"column":18},"end":{"line":84,"column":41}},{"start":{"line":84,"column":41},"end":{"line":84,"column":null}}],"line":84}},"s":{"0":6,"1":25,"2":6,"3":4,"4":4,"5":4,"6":6,"7":3,"8":6,"9":3,"10":6,"11":3,"12":6,"13":3},"f":{"0":25,"1":4,"2":3,"3":3,"4":3,"5":3},"b":{"0":[4,0],"1":[4,0],"2":[3,3],"3":[3,2],"4":[3,3],"5":[3,2]},"meta":{"lastBranch":6,"lastFunction":6,"lastStatement":14,"seen":{"s:10:33:18:Infinity":0,"f:10:60:10:61":0,"s:10:79:18:2":1,"s:20:29:30:Infinity":2,"f:20:52:20:53":1,"s:22:4:22:Infinity":3,"b:22:4:22:19:22:19:22:Infinity":0,"s:23:16:23:Infinity":4,"b:23:16:23:32:23:32:23:Infinity":1,"s:24:2:29:Infinity":5,"s:32:30:44:Infinity":6,"f:32:59:32:60":2,"s:32:78:44:2":7,"s:46:35:58:Infinity":8,"f:47:2:47:3":3,"s:47:21:57:Infinity":9,"s:60:31:70:Infinity":10,"f:61:2:61:3":4,"s:61:21:69:Infinity":11,"s:72:36:86:Infinity":12,"f:73:2:73:3":5,"s:73:19:85:Infinity":13,"b:74:8:74:21:74:21:79:Infinity":2,"b:80:13:80:31:80:31:80:Infinity":3,"b:81:12:81:29:81:29:83:Infinity":4,"b:84:18:84:41:84:41:84:Infinity":5}}}
,"/home/user/feed-ai/web/src/__tests__/helpers.ts": {"path":"/home/user/feed-ai/web/src/__tests__/helpers.ts","statementMap":{"0":{"start":{"line":6,"column":2},"end":{"line":24,"column":null}},"1":{"start":{"line":9,"column":6},"end":{"line":17,"column":null}},"2":{"start":{"line":10,"column":8},"end":{"line":16,"column":null}},"3":{"start":{"line":11,"column":10},"end":{"line":15,"column":null}},"4":{"start":{"line":14,"column":24},"end":{"line":14,"column":null}},"5":{"start":{"line":18,"column":6},"end":{"line":22,"column":null}},"6":{"start":{"line":21,"column":20},"end":{"line":21,"column":null}},"7":{"start":{"line":28,"column":2},"end":{"line":35,"column":null}},"8":{"start":{"line":33,"column":18},"end":{"line":33,"column":null}}},"fnMap":{"0":{"name":"stubFetchResponses","decl":{"start":{"line":3,"column":16},"end":{"line":3,"column":null}},"loc":{"start":{"line":5,"column":2},"end":{"line":25,"column":null}},"line":5},"1":{"name":"(anonymous_1)","decl":{"start":{"line":8,"column":31},"end":{"line":8,"column":32}},"loc":{"start":{"line":8,"column":48},"end":{"line":23,"column":5}},"line":8},"2":{"name":"(anonymous_2)","decl":{"start":{"line":14,"column":18},"end":{"line":14,"column":24}},"loc":{"start":{"line":14,"column":24},"end":{"line":14,"column":null}},"line":14},"3":{"name":"(anonymous_3)","decl":{"start":{"line":21,"column":14},"end":{"line":21,"column":20}},"loc":{"start":{"line":21,"column":20},"end":{"line":21,"column":null}},"line":21},"4":{"name":"stubFetchJson","decl":{"start":{"line":27,"column":16},"end":{"line":27,"column":30}},"loc":{"start":{"line":27,"column":56},"end":{"line":36,"column":null}},"line":27},"5":{"name":"(anonymous_5)","decl":{"start":{"line":33,"column":12},"end":{"line":33,"column":18}},"loc":{"start":{"line":33,"column":18},"end":{"line":33,"column":null}},"line":33}},"branchMap":{"0":{"loc":{"start":{"line":10,"column":8},"end":{"line":16,"column":null}},"type":"if","locations":[{"start":{"line":10,"column":8},"end":{"line":16,"column":null}},{"start":{},"end":{}}],"line":10},"1":{"loc":{"start":{"line":12,"column":16},"end":{"line":12,"column":null}},"type":"binary-expr","locations":[{"start":{"line":12,"column":16},"end":{"line":12,"column":42}},{"start":{"line":12,"column":42},"end":{"line":12,"column":null}}],"line":12},"2":{"loc":{"start":{"line":27,"column":45},"end":{"line":27,"column":56}},"type":"default-arg","locations":[{"start":{"line":27,"column":50},"end":{"line":27,"column":56}}],"line":27},"3":{"loc":{"start":{"line":32,"column":14},"end":{"line":32,"column":null}},"type":"cond-expr","locations":[{"start":{"line":32,"column":19},"end":{"line":32,"column":25}},{"start":{"line":32,"column":25},"end":{"line":32,"column":null}}],"line":32}},"s":{"0":22,"1":43,"2":66,"3":43,"4":43,"5":0,"6":0,"7":20,"8":18},"f":{"0":22,"1":43,"2":43,"3":0,"4":20,"5":18},"b":{"0":[43,23],"1":[43,43],"2":[20],"3":[18,2]},"meta":{"lastBranch":4,"lastFunction":6,"lastStatement":9,"seen":{"f:3:16:3:Infinity":0,"s:6:2:24:Infinity":0,"f:8:31:8:32":1,"s:9:6:17:Infinity":1,"b:10:8:16:Infinity:undefined:undefined:undefined:undefined":0,"s:10:8:16:Infinity":2,"s:11:10:15:Infinity":3,"b:12:16:12:42:12:42:12:Infinity":1,"f:14:18:14:24":2,"s:14:24:14:Infinity":4,"s:18:6:22:Infinity":5,"f:21:14:21:20":3,"s:21:20:21:Infinity":6,"f:27:16:27:30":4,"b:27:50:27:56":2,"s:28:2:35:Infinity":7,"b:32:19:32:25:32:25:32:Infinity":3,"f:33:12:33:18":5,"s:33:18:33:Infinity":8}}}
,"/home/user/feed-ai/web/src/components/CategoryFilter.vue": {"path":"/home/user/feed-ai/web/src/components/CategoryFilter.vue","statementMap":{"0":{"start":{"line":5,"column":14},"end":{"line":5,"column":null}},"1":{"start":{"line":11,"column":13},"end":{"line":11,"column":null}},"2":{"start":{"line":15,"column":19},"end":{"line":20,"column":null}},"3":{"start":{"line":22,"column":6},"end":{"line":28,"column":null}},"4":{"start":{"line":23,"column":38},"end":{"line":23,"column":null}},"5":{"start":{"line":24,"column":2},"end":{"line":26,"column":null}},"6":{"start":{"line":25,"column":4},"end":{"line":25,"column":null}},"7":{"start":{"line":27,"column":2},"end":{"line":27,"column":null}},"8":{"start":{"line":31,"column":6},"end":{"line":31,"column":null}},"9":{"start":{"line":32,"column":6},"end":{"line":32,"column":null}},"10":{"start":{"line":33,"column":6},"end":{"line":33,"column":null}},"11":{"start":{"line":34,"column":6},"end":{"line":34,"column":null}},"12":{"start":{"line":37,"column":2},"end":{"line":37,"column":null}},"13":{"start":{"line":37,"column":27},"end":{"line":37,"column":null}},"14":{"start":{"line":38,"column":24},"end":{"line":38,"column":null}},"15":{"start":{"line":39,"column":18},"end":{"line":39,"column":null}},"16":{"start":{"line":40,"column":2},"end":{"line":43,"column":null}},"17":{"start":{"line":41,"column":14},"end":{"line":41,"column":null}},"18":{"start":{"line":42,"column":4},"end":{"line":42,"column":null}},"19":{"start":{"line":50,"column":19},"end":{"line":50,"column":null}},"20":{"start":{"line":51,"column":20},"end":{"line":51,"column":null}},"21":{"start":{"line":52,"column":2},"end":{"line":59,"column":null}},"22":{"start":{"line":52,"column":15},"end":{"line":52,"column":18}},"23":{"start":{"line":53,"column":19},"end":{"line":53,"column":null}},"24":{"start":{"line":54,"column":17},"end":{"line":54,"column":null}},"25":{"start":{"line":55,"column":4},"end":{"line":58,"column":null}},"26":{"start":{"line":56,"column":6},"end":{"line":56,"column":null}},"27":{"start":{"line":57,"column":6},"end":{"line":57,"column":null}},"28":{"start":{"line":60,"column":2},"end":{"line":60,"column":null}},"29":{"start":{"line":64,"column":16},"end":{"line":64,"column":null}},"30":{"start":{"line":65,"column":14},"end":{"line":65,"column":null}},"31":{"start":{"line":65,"column":42},"end":{"line":65,"column":72}},"32":{"start":{"line":66,"column":2},"end":{"line":69,"column":null}},"33":{"start":{"line":67,"column":4},"end":{"line":67,"column":null}},"34":{"start":{"line":68,"column":4},"end":{"line":68,"column":null}},"35":{"start":{"line":72,"column":0},"end":{"line":72,"column":null}},"36":{"start":{"line":72,"column":10},"end":{"line":72,"column":41}},"37":{"start":{"line":73,"column":0},"end":{"line":76,"column":null}},"38":{"start":{"line":74,"column":8},"end":{"line":74,"column":null}},"39":{"start":{"line":75,"column":2},"end":{"line":75,"column":null}},"40":{"start":{"line":77,"column":0},"end":{"line":80,"column":null}},"41":{"start":{"line":78,"column":8},"end":{"line":78,"column":null}},"42":{"start":{"line":79,"column":2},"end":{"line":79,"column":null}},"43":{"start":{"line":83,"column":0},"end":{"line":99,"column":null}},"44":{"start":{"line":84,"column":8},"end":{"line":84,"column":null}},"45":{"start":{"line":86,"column":4},"end":{"line":86,"column":null}},"46":{"start":{"line":86,"column":66},"end":{"line":86,"column":null}},"47":{"start":{"line":87,"column":18},"end":{"line":87,"column":null}},"48":{"start":{"line":88,"column":4},"end":{"line":88,"column":null}},"49":{"start":{"line":88,"column":28},"end":{"line":88,"column":null}},"50":{"start":{"line":90,"column":18},"end":{"line":90,"column":null}},"51":{"start":{"line":91,"column":17},"end":{"line":91,"column":null}},"52":{"start":{"line":92,"column":14},"end":{"line":92,"column":null}},"53":{"start":{"line":94,"column":4},"end":{"line":95,"column":null}},"54":{"start":{"line":96,"column":4},"end":{"line":97,"column":null}},"55":{"start":{"line":102,"column":20},"end":{"line":102,"column":null}},"56":{"start":{"line":103,"column":14},"end":{"line":103,"column":null}},"57":{"start":{"line":106,"column":16},"end":{"line":106,"column":null}},"58":{"start":{"line":107,"column":14},"end":{"line":107,"column":null}},"59":{"start":{"line":107,"column":42},"end":{"line":107,"column":72}},"60":{"start":{"line":108,"column":2},"end":{"line":108,"column":null}},"61":{"start":{"line":108,"column":42},"end":{"line":108,"column":null}},"62":{"start":{"line":110,"column":2},"end":{"line":110,"column":null}},"63":{"start":{"line":111,"column":2},"end":{"line":111,"column":null}},"64":{"start":{"line":112,"column":2},"end":{"line":112,"column":null}},"65":{"start":{"line":113,"column":3},"end":{"line":113,"column":null}},"66":{"start":{"line":117,"column":2},"end":{"line":118,"column":null}},"67":{"start":{"line":118,"column":4},"end":{"line":118,"column":null}},"68":{"start":{"line":120,"column":24},"end":{"line":120,"column":null}},"69":{"start":{"line":121,"column":17},"end":{"line":121,"column":null}},"70":{"start":{"line":122,"column":16},"end":{"line":122,"column":null}},"71":{"start":{"line":124,"column":21},"end":{"line":124,"column":null}},"72":{"start":{"line":125,"column":2},"end":{"line":125,"column":null}},"73":{"start":{"line":127,"column":20},"end":{"line":127,"column":null}},"74":{"start":{"line":128,"column":19},"end":{"line":128,"column":null}},"75":{"start":{"line":129,"column":20},"end":{"line":129,"column":null}},"76":{"start":{"line":131,"column":2},"end":{"line":134,"column":null}},"77":{"start":{"line":135,"column":2},"end":{"line":135,"column":null}},"78":{"start":{"line":139,"column":2},"end":{"line":140,"column":null}},"79":{"start":{"line":140,"column":4},"end":{"line":140,"column":null}},"80":{"start":{"line":141,"column":2},"end":{"line":141,"column":null}},"81":{"start":{"line":143,"column":24},"end":{"line":143,"column":null}},"82":{"start":{"line":144,"column":17},"end":{"line":144,"column":null}},"83":{"start":{"line":145,"column":16},"end":{"line":145,"column":null}},"84":{"start":{"line":147,"column":21},"end":{"line":147,"column":null}},"85":{"start":{"line":148,"column":2},"end":{"line":148,"column":null}},"86":{"start":{"line":152,"column":2},"end":{"line":155,"column":null}},"87":{"start":{"line":153,"column":4},"end":{"line":153,"column":null}},"88":{"start":{"line":154,"column":4},"end":{"line":154,"column":null}},"89":{"start":{"line":156,"column":2},"end":{"line":156,"column":null}},"90":{"start":{"line":161,"column":2},"end":{"line":198,"column":null}},"91":{"start":{"line":179,"column":4},"end":{"line":198,"column":null}},"92":{"start":{"line":188,"column":14},"end":{"line":188,"column":null}}},"fnMap":{"0":{"name":"(anonymous_0)","decl":{"start":{"line":22,"column":24},"end":{"line":22,"column":30}},"loc":{"start":{"line":22,"column":30},"end":{"line":28,"column":1}},"line":22},"1":{"name":"getButtonRects","decl":{"start":{"line":36,"column":9},"end":{"line":36,"column":26}},"loc":{"start":{"line":36,"column":26},"end":{"line":44,"column":null}},"line":36},"2":{"name":"(anonymous_2)","decl":{"start":{"line":40,"column":33},"end":{"line":40,"column":34}},"loc":{"start":{"line":40,"column":42},"end":{"line":43,"column":3}},"line":40},"3":{"name":"findClosestButton","decl":{"start":{"line":46,"column":9},"end":{"line":46,"column":null}},"loc":{"start":{"line":49,"column":2},"end":{"line":61,"column":null}},"line":49},"4":{"name":"updateIndicator","decl":{"start":{"line":63,"column":9},"end":{"line":63,"column":27}},"loc":{"start":{"line":63,"column":27},"end":{"line":70,"column":null}},"line":63},"5":{"name":"(anonymous_5)","decl":{"start":{"line":65,"column":35},"end":{"line":65,"column":36}},"loc":{"start":{"line":65,"column":42},"end":{"line":65,"column":72}},"line":65},"6":{"name":"(anonymous_6)","decl":{"start":{"line":72,"column":10},"end":{"line":72,"column":16}},"loc":{"start":{"line":72,"column":10},"end":{"line":72,"column":41}},"line":72},"7":{"name":"(anonymous_7)","decl":{"start":{"line":74,"column":2},"end":{"line":74,"column":8}},"loc":{"start":{"line":74,"column":8},"end":{"line":74,"column":null}},"line":74},"8":{"name":"(anonymous_8)","decl":{"start":{"line":75,"column":2},"end":{"line":75,"column":8}},"loc":{"start":{"line":75,"column":2},"end":{"line":75,"column":null}},"line":75},"9":{"name":"(anonymous_9)","decl":{"start":{"line":78,"column":2},"end":{"line":78,"column":8}},"loc":{"start":{"line":78,"column":8},"end":{"line":78,"column":null}},"line":78},"10":{"name":"(anonymous_10)","decl":{"start":{"line":79,"column":2},"end":{"line":79,"column":8}},"loc":{"start":{"line":79,"column":2},"end":{"line":79,"column":null}},"line":79},"11":{"name":"(anonymous_11)","decl":{"start":{"line":84,"column":2},"end":{"line":84,"column":8}},"loc":{"start":{"line":84,"column":8},"end":{"line":84,"column":null}},"line":84},"12":{"name":"(anonymous_12)","decl":{"start":{"line":85,"column":2},"end":{"line":85,"column":3}},"loc":{"start":{"line":85,"column":16},"end":{"line":98,"column":null}},"line":85},"13":{"name":"onPointerDown","decl":{"start":{"line":105,"column":9},"end":{"line":105,"column":23}},"loc":{"start":{"line":105,"column":40},"end":{"line":114,"column":null}},"line":105},"14":{"name":"(anonymous_14)","decl":{"start":{"line":107,"column":35},"end":{"line":107,"column":36}},"loc":{"start":{"line":107,"column":42},"end":{"line":107,"column":72}},"line":107},"15":{"name":"onPointerMove","decl":{"start":{"line":116,"column":9},"end":{"line":116,"column":23}},"loc":{"start":{"line":116,"column":40},"end":{"line":136,"column":null}},"line":116},"16":{"name":"onPointerUp","decl":{"start":{"line":138,"column":9},"end":{"line":138,"column":21}},"loc":{"start":{"line":138,"column":38},"end":{"line":149,"column":null}},"line":138},"17":{"name":"onClick","decl":{"start":{"line":151,"column":9},"end":{"line":151,"column":17}},"loc":{"start":{"line":151,"column":30},"end":{"line":157,"column":null}},"line":151},"18":{"name":"(anonymous_18)","decl":{"start":{"line":180,"column":30},"end":{"line":180,"column":null}},"loc":{"start":{"line":180,"column":16},"end":{"line":198,"column":null}},"line":180},"19":{"name":"(anonymous_19)","decl":{"start":{"line":188,"column":12},"end":{"line":188,"column":14}},"loc":{"start":{"line":188,"column":14},"end":{"line":188,"column":null}},"line":188}},"branchMap":{"0":{"loc":{"start":{"line":25,"column":26},"end":{"line":25,"column":53}},"type":"binary-expr","locations":[{"start":{"line":25,"column":26},"end":{"line":25,"column":48}},{"start":{"line":25,"column":48},"end":{"line":25,"column":53}}],"line":25},"1":{"loc":{"start":{"line":37,"column":2},"end":{"line":37,"column":null}},"type":"if","locations":[{"start":{"line":37,"column":2},"end":{"line":37,"column":null}},{"start":{},"end":{}}],"line":37},"2":{"loc":{"start":{"line":55,"column":4},"end":{"line":58,"column":null}},"type":"if","locations":[{"start":{"line":55,"column":4},"end":{"line":58,"column":null}},{"start":{},"end":{}}],"line":55},"3":{"loc":{"start":{"line":66,"column":2},"end":{"line":69,"column":null}},"type":"if","locations":[{"start":{"line":66,"column":2},"end":{"line":69,"column":null}},{"start":{},"end":{}}],"line":66},"4":{"loc":{"start":{"line":86,"column":4},"end":{"line":86,"column":null}},"type":"if","locations":[{"start":{"line":86,"column":4},"end":{"line":86,"column":null}},{"start":{},"end":{}}],"line":86},"5":{"loc":{"start":{"line":86,"column":8},"end":{"line":86,"column":66}},"type":"binary-expr","locations":[{"start":{"line":86,"column":8},"end":{"line":86,"column":34}},{"start":{"line":86,"column":34},"end":{"line":86,"column":50}},{"start":{"line":86,"column":50},"end":{"line":86,"column":66}}],"line":86},"6":{"loc":{"start":{"line":88,"column":4},"end":{"line":88,"column":null}},"type":"if","locations":[{"start":{"line":88,"column":4},"end":{"line":88,"column":null}},{"start":{},"end":{}}],"line":88},"7":{"loc":{"start":{"line":108,"column":2},"end":{"line":108,"column":null}},"type":"if","locations":[{"start":{"line":108,"column":2},"end":{"line":108,"column":null}},{"start":{},"end":{}}],"line":108},"8":{"loc":{"start":{"line":108,"column":6},"end":{"line":108,"column":42}},"type":"binary-expr","locations":[{"start":{"line":108,"column":6},"end":{"line":108,"column":21}},{"start":{"line":108,"column":21},"end":{"line":108,"column":42}}],"line":108},"9":{"loc":{"start":{"line":117,"column":2},"end":{"line":118,"column":null}},"type":"if","locations":[{"start":{"line":117,"column":2},"end":{"line":118,"column":null}},{"start":{},"end":{}}],"line":117},"10":{"loc":{"start":{"line":117,"column":6},"end":{"line":117,"column":null}},"type":"binary-expr","locations":[{"start":{"line":117,"column":6},"end":{"line":117,"column":25}},{"start":{"line":117,"column":25},"end":{"line":117,"column":58}},{"start":{"line":117,"column":58},"end":{"line":117,"column":null}}],"line":117},"11":{"loc":{"start":{"line":139,"column":2},"end":{"line":140,"column":null}},"type":"if","locations":[{"start":{"line":139,"column":2},"end":{"line":140,"column":null}},{"start":{},"end":{}}],"line":139},"12":{"loc":{"start":{"line":139,"column":6},"end":{"line":139,"column":null}},"type":"binary-expr","locations":[{"start":{"line":139,"column":6},"end":{"line":139,"column":25}},{"start":{"line":139,"column":25},"end":{"line":139,"column":58}},{"start":{"line":139,"column":58},"end":{"line":139,"column":null}}],"line":139},"13":{"loc":{"start":{"line":152,"column":2},"end":{"line":155,"column":null}},"type":"if","locations":[{"start":{"line":152,"column":2},"end":{"line":155,"column":null}},{"start":{},"end":{}}],"line":152},"14":{"loc":{"start":{"line":172,"column":23},"end":{"line":172,"column":null}},"type":"cond-expr","locations":[{"start":{"line":172,"column":80},"end":{"line":172,"column":null}},{"start":{"line":172,"column":80},"end":{"line":172,"column":null}}],"line":172},"15":{"loc":{"start":{"line":172,"column":23},"end":{"line":172,"column":null}},"type":"binary-expr","locations":[{"start":{"line":172,"column":23},"end":{"line":172,"column":36}},{"start":{"line":172,"column":36},"end":{"line":172,"column":67}},{"start":{"line":172,"column":67},"end":{"line":172,"column":null}}],"line":172},"16":{"loc":{"start":{"line":182,"column":125},"end":{"line":182,"column":null}},"type":"cond-expr","locations":[{"start":{"line":182,"column":148},"end":{"line":182,"column":null}},{"start":{"line":182,"column":148},"end":{"line":182,"column":null}}],"line":182},"17":{"loc":{"start":{"line":192,"column":14},"end":{"line":198,"column":null}},"type":"cond-expr","locations":[{"start":{"line":192,"column":28},"end":{"line":198,"column":null}},{"start":{"line":198,"column":25},"end":{"line":198,"column":null}}],"line":192},"18":{"loc":{"start":{"line":193,"column":79},"end":{"line":193,"column":null}},"type":"cond-expr","locations":[{"start":{"line":193,"column":105},"end":{"line":193,"column":null}},{"start":{"line":193,"column":105},"end":{"line":193,"column":null}}],"line":193}},"s":{"0":24,"1":24,"2":24,"3":24,"4":24,"5":24,"6":79,"7":24,"8":24,"9":24,"10":24,"11":24,"12":28,"13":0,"14":28,"15":28,"16":28,"17":112,"18":112,"19":2,"20":2,"21":2,"22":2,"23":8,"24":8,"25":8,"26":2,"27":2,"28":2,"29":24,"30":24,"31":26,"32":24,"33":24,"34":24,"35":24,"36":24,"37":24,"38":24,"39":0,"40":24,"41":24,"42":0,"43":24,"44":24,"45":0,"46":0,"47":0,"48":0,"49":0,"50":0,"51":0,"52":0,"53":0,"54":0,"55":24,"56":24,"57":2,"58":2,"59":2,"60":2,"61":0,"62":2,"63":2,"64":2,"65":2,"66":0,"67":0,"68":0,"69":0,"70":0,"71":0,"72":0,"73":0,"74":0,"75":0,"76":0,"77":0,"78":2,"79":0,"80":2,"81":2,"82":2,"83":2,"84":2,"85":2,"86":3,"87":0,"88":0,"89":3,"90":28,"91":112,"92":3},"f":{"0":24,"1":28,"2":112,"3":2,"4":24,"5":26,"6":24,"7":24,"8":0,"9":24,"10":0,"11":24,"12":0,"13":2,"14":2,"15":0,"16":2,"17":3,"18":112,"19":3},"b":{"0":[79,67],"1":[0,28],"2":[2,6],"3":[24,0],"4":[0,0],"5":[0,0,0],"6":[0,0],"7":[0,2],"8":[2,2],"9":[0,0],"10":[0,0,0],"11":[0,2],"12":[2,2,2],"13":[0,3],"14":[3,25],"15":[28,26,12],"16":[28,84],"17":[106,6],"18":[27,79]},"meta":{"lastBranch":19,"lastFunction":20,"lastStatement":93,"seen":{"s:5:14:5:Infinity":0,"s:11:13:11:Infinity":1,"s:15:19:20:Infinity":2,"s:22:6:28:Infinity":3,"f:22:24:22:30":0,"s:23:38:23:Infinity":4,"s:24:2:26:Infinity":5,"s:25:4:25:Infinity":6,"b:25:26:25:48:25:48:25:53":0,"s:27:2:27:Infinity":7,"s:31:6:31:Infinity":8,"s:32:6:32:Infinity":9,"s:33:6:33:Infinity":10,"s:34:6:34:Infinity":11,"f:36:9:36:26":1,"b:37:2:37:Infinity:undefined:undefined:undefined:undefined":1,"s:37:2:37:Infinity":12,"s:37:27:37:Infinity":13,"s:38:24:38:Infinity":14,"s:39:18:39:Infinity":15,"s:40:2:43:Infinity":16,"f:40:33:40:34":2,"s:41:14:41:Infinity":17,"s:42:4:42:Infinity":18,"f:46:9:46:Infinity":3,"s:50:19:50:Infinity":19,"s:51:20:51:Infinity":20,"s:52:2:59:Infinity":21,"s:52:15:52:18":22,"s:53:19:53:Infinity":23,"s:54:17:54:Infinity":24,"b:55:4:58:Infinity:undefined:undefined:undefined:undefined":2,"s:55:4:58:Infinity":25,"s:56:6:56:Infinity":26,"s:57:6:57:Infinity":27,"s:60:2:60:Infinity":28,"f:63:9:63:27":4,"s:64:16:64:Infinity":29,"s:65:14:65:Infinity":30,"f:65:35:65:36":5,"s:65:42:65:72":31,"b:66:2:69:Infinity:undefined:undefined:undefined:undefined":3,"s:66:2:69:Infinity":32,"s:67:4:67:Infinity":33,"s:68:4:68:Infinity":34,"s:72:0:72:Infinity":35,"f:72:10:72:16":6,"s:72:10:72:41":36,"s:73:0:76:Infinity":37,"f:74:2:74:8":7,"s:74:8:74:Infinity":38,"f:75:2:75:8":8,"s:75:2:75:Infinity":39,"s:77:0:80:Infinity":40,"f:78:2:78:8":9,"s:78:8:78:Infinity":41,"f:79:2:79:8":10,"s:79:2:79:Infinity":42,"s:83:0:99:Infinity":43,"f:84:2:84:8":11,"s:84:8:84:Infinity":44,"f:85:2:85:3":12,"b:86:4:86:Infinity:undefined:undefined:undefined:undefined":4,"s:86:4:86:Infinity":45,"b:86:8:86:34:86:34:86:50:86:50:86:66":5,"s:86:66:86:Infinity":46,"s:87:18:87:Infinity":47,"b:88:4:88:Infinity:undefined:undefined:undefined:undefined":6,"s:88:4:88:Infinity":48,"s:88:28:88:Infinity":49,"s:90:18:90:Infinity":50,"s:91:17:91:Infinity":51,"s:92:14:92:Infinity":52,"s:94:4:95:Infinity":53,"s:96:4:97:Infinity":54,"s:102:20:102:Infinity":55,"s:103:14:103:Infinity":56,"f:105:9:105:23":13,"s:106:16:106:Infinity":57,"s:107:14:107:Infinity":58,"f:107:35:107:36":14,"s:107:42:107:72":59,"b:108:2:108:Infinity:undefined:undefined:undefined:undefined":7,"s:108:2:108:Infinity":60,"b:108:6:108:21:108:21:108:42":8,"s:108:42:108:Infinity":61,"s:110:2:110:Infinity":62,"s:111:2:111:Infinity":63,"s:112:2:112:Infinity":64,"s:113:3:113:Infinity":65,"f:116:9:116:23":15,"b:117:2:118:Infinity:undefined:undefined:undefined:undefined":9,"s:117:2:118:Infinity":66,"b:117:6:117:25:117:25:117:58:117:58:117:Infinity":10,"s:118:4:118:Infinity":67,"s:120:24:120:Infinity":68,"s:121:17:121:Infinity":69,"s:122:16:122:Infinity":70,"s:124:21:124:Infinity":71,"s:125:2:125:Infinity":72,"s:127:20:127:Infinity":73,"s:128:19:128:Infinity":74,"s:129:20:129:Infinity":75,"s:131:2:134:Infinity":76,"s:135:2:135:Infinity":77,"f:138:9:138:21":16,"b:139:2:140:Infinity:undefined:undefined:undefined:undefined":11,"s:139:2:140:Infinity":78,"b:139:6:139:25:139:25:139:58:139:58:139:Infinity":12,"s:140:4:140:Infinity":79,"s:141:2:141:Infinity":80,"s:143:24:143:Infinity":81,"s:144:17:144:Infinity":82,"s:145:16:145:Infinity":83,"s:147:21:147:Infinity":84,"s:148:2:148:Infinity":85,"f:151:9:151:17":17,"b:152:2:155:Infinity:undefined:undefined:undefined:undefined":13,"s:152:2:155:Infinity":86,"s:153:4:153:Infinity":87,"s:154:4:154:Infinity":88,"s:156:2:156:Infinity":89,"s:161:2:198:Infinity":90,"b:172:80:172:Infinity:172:80:172:Infinity":14,"b:172:23:172:36:172:36:172:67:172:67:172:Infinity":15,"f:180:30:180:Infinity":18,"s:179:4:198:Infinity":91,"b:182:148:182:Infinity:182:148:182:Infinity":16,"f:188:12:188:14":19,"s:188:14:188:Infinity":92,"b:192:28:198:Infinity:198:25:198:Infinity":17,"b:193:105:193:Infinity:193:105:193:Infinity":18}}}
,"/home/user/feed-ai/web/src/components/DataTable.vue": {"path":"/home/user/feed-ai/web/src/components/DataTable.vue","statementMap":{"0":{"start":{"line":10,"column":7},"end":{"line":10,"column":null}},"1":{"start":{"line":11,"column":11},"end":{"line":11,"column":null}},"2":{"start":{"line":13,"column":8},"end":{"line":13,"column":null}},"3":{"start":{"line":10,"column":2},"end":{"line":25,"column":null}},"4":{"start":{"line":16,"column":10},"end":{"line":21,"column":null}}},"fnMap":{"0":{"name":"(anonymous_0)","decl":{"start":{"line":17,"column":33},"end":{"line":17,"column":null}},"loc":{"start":{"line":17,"column":22},"end":{"line":21,"column":null}},"line":17}},"branchMap":{"0":{"loc":{"start":{"line":26,"column":20},"end":{"line":32,"column":null}},"type":"cond-expr","locations":[{"start":{"line":26,"column":28},"end":{"line":26,"column":null}},{"start":{"line":26,"column":36},"end":{"line":32,"column":null}}],"line":26},"1":{"loc":{"start":{"line":32,"column":15},"end":{"line":32,"column":null}},"type":"binary-expr","locations":[{"start":{"line":32,"column":15},"end":{"line":32,"column":27}},{"start":{"line":32,"column":27},"end":{"line":32,"column":null}}],"line":32}},"s":{"0":2,"1":2,"2":2,"3":57,"4":302},"f":{"0":302},"b":{"0":[53,4],"1":[4,3]},"meta":{"lastBranch":2,"lastFunction":1,"lastStatement":5,"seen":{"s:10:7:10:Infinity":0,"s:11:11:11:Infinity":1,"s:13:8:13:Infinity":2,"s:10:2:25:Infinity":3,"f:17:33:17:Infinity":0,"s:16:10:21:Infinity":4,"b:26:28:26:Infinity:26:36:32:Infinity":0,"b:32:15:32:27:32:27:32:Infinity":1}}}
,"/home/user/feed-ai/web/src/components/DateHeader.vue": {"path":"/home/user/feed-ai/web/src/components/DateHeader.vue","statementMap":{"0":{"start":{"line":18,"column":7},"end":{"line":18,"column":null}},"1":{"start":{"line":19,"column":9},"end":{"line":19,"column":null}},"2":{"start":{"line":44,"column":11},"end":{"line":44,"column":null}},"3":{"start":{"line":45,"column":12},"end":{"line":45,"column":null}},"4":{"start":{"line":48,"column":14},"end":{"line":48,"column":47}},"5":{"start":{"line":18,"column":2},"end":{"line":70,"column":null}},"6":{"start":{"line":25,"column":16},"end":{"line":25,"column":null}},"7":{"start":{"line":41,"column":14},"end":{"line":39,"column":null}},"8":{"start":{"line":56,"column":16},"end":{"line":56,"column":null}},"9":{"start":{"line":72,"column":14},"end":{"line":70,"column":null}}},"fnMap":{"0":{"name":"(anonymous_0)","decl":{"start":{"line":25,"column":14},"end":{"line":25,"column":16}},"loc":{"start":{"line":25,"column":16},"end":{"line":25,"column":null}},"line":25},"1":{"name":"(anonymous_1)","decl":{"start":{"line":27,"column":8},"end":{"line":27,"column":null}},"loc":{"start":{"line":41,"column":14},"end":{"line":39,"column":null}},"line":41},"2":{"name":"(anonymous_2)","decl":{"start":{"line":56,"column":14},"end":{"line":56,"column":16}},"loc":{"start":{"line":56,"column":16},"end":{"line":56,"column":null}},"line":56},"3":{"name":"(anonymous_3)","decl":{"start":{"line":58,"column":8},"end":{"line":58,"column":null}},"loc":{"start":{"line":72,"column":14},"end":{"line":70,"column":null}},"line":72}},"branchMap":{"0":{"loc":{"start":{"line":25,"column":14},"end":{"line":25,"column":null}},"type":"binary-expr","locations":[{"start":{"line":25,"column":14},"end":{"line":25,"column":16}},{"start":{"line":25,"column":14},"end":{"line":25,"column":null}}],"line":25},"1":{"loc":{"start":{"line":41,"column":14},"end":{"line":39,"column":null}},"type":"binary-expr","locations":[{"start":{"line":41,"column":14},"end":{"line":41,"column":null}},{"start":{"line":41,"column":14},"end":{"line":39,"column":null}}],"line":41},"2":{"loc":{"start":{"line":56,"column":14},"end":{"line":56,"column":null}},"type":"binary-expr","locations":[{"start":{"line":56,"column":14},"end":{"line":56,"column":16}},{"start":{"line":56,"column":14},"end":{"line":56,"column":null}}],"line":56},"3":{"loc":{"start":{"line":72,"column":14},"end":{"line":70,"column":null}},"type":"binary-expr","locations":[{"start":{"line":72,"column":14},"end":{"line":72,"column":null}},{"start":{"line":72,"column":14},"end":{"line":70,"column":null}}],"line":72}},"s":{"0":2,"1":2,"2":2,"3":2,"4":2,"5":21,"6":1,"7":21,"8":1,"9":21},"f":{"0":1,"1":21,"2":1,"3":21},"b":{"0":[21,21],"1":[21,21],"2":[21,21],"3":[21,21]},"meta":{"lastBranch":4,"lastFunction":4,"lastStatement":10,"seen":{"s:18:7:18:Infinity":0,"s:19:9:19:Infinity":1,"s:44:11:44:Infinity":2,"s:45:12:45:Infinity":3,"s:48:14:48:47":4,"s:18:2:70:Infinity":5,"b:25:14:25:16:25:14:25:Infinity":0,"f:25:14:25:16":0,"s:25:16:25:Infinity":6,"f:27:8:27:Infinity":1,"s:41:14:39:Infinity":7,"b:41:14:41:Infinity:41:14:39:Infinity":1,"b:56:14:56:16:56:14:56:Infinity":2,"f:56:14:56:16":2,"s:56:16:56:Infinity":8,"f:58:8:58:Infinity":3,"s:72:14:70:Infinity":9,"b:72:14:72:Infinity:72:14:70:Infinity":3}}}
,"/home/user/feed-ai/web/src/components/DigestCard.vue": {"path":"/home/user/feed-ai/web/src/components/DigestCard.vue","statementMap":{"0":{"start":{"line":7,"column":14},"end":{"line":7,"column":null}},"1":{"start":{"line":11,"column":6},"end":{"line":11,"column":null}},"2":{"start":{"line":12,"column":6},"end":{"line":12,"column":null}},"3":{"start":{"line":14,"column":0},"end":{"line":20,"column":null}},"4":{"start":{"line":17,"column":4},"end":{"line":17,"column":null}},"5":{"start":{"line":23,"column":2},"end":{"line":23,"column":null}},"6":{"start":{"line":24,"column":2},"end":{"line":35,"column":null}},"7":{"start":{"line":25,"column":4},"end":{"line":32,"column":null}},"8":{"start":{"line":26,"column":6},"end":{"line":29,"column":null}},"9":{"start":{"line":31,"column":6},"end":{"line":31,"column":null}},"10":{"start":{"line":39,"column":2},"end":{"line":39,"column":null}},"11":{"start":{"line":40,"column":2},"end":{"line":40,"column":null}},"12":{"start":{"line":46,"column":4},"end":{"line":50,"column":null}},"13":{"start":{"line":52,"column":22},"end":{"line":56,"column":null}},"14":{"start":{"line":58,"column":6},"end":{"line":60,"column":null}},"15":{"start":{"line":59,"column":8},"end":{"line":59,"column":null}},"16":{"start":{"line":62,"column":6},"end":{"line":69,"column":null}},"17":{"start":{"line":63,"column":2},"end":{"line":68,"column":null}},"18":{"start":{"line":64,"column":19},"end":{"line":64,"column":null}},"19":{"start":{"line":65,"column":4},"end":{"line":65,"column":null}},"20":{"start":{"line":67,"column":4},"end":{"line":67,"column":null}},"21":{"start":{"line":72,"column":12},"end":{"line":72,"column":null}},"22":{"start":{"line":73,"column":2},"end":{"line":73,"column":null}},"23":{"start":{"line":73,"column":26},"end":{"line":73,"column":null}},"24":{"start":{"line":75,"column":19},"end":{"line":75,"column":null}},"25":{"start":{"line":77,"column":2},"end":{"line":77,"column":null}},"26":{"start":{"line":77,"column":20},"end":{"line":77,"column":null}},"27":{"start":{"line":78,"column":2},"end":{"line":78,"column":null}},"28":{"start":{"line":78,"column":21},"end":{"line":78,"column":null}},"29":{"start":{"line":79,"column":2},"end":{"line":79,"column":null}},"30":{"start":{"line":79,"column":21},"end":{"line":79,"column":null}},"31":{"start":{"line":80,"column":2},"end":{"line":80,"column":null}},"32":{"start":{"line":93,"column":9},"end":{"line":93,"column":null}},"33":{"start":{"line":109,"column":12},"end":{"line":109,"column":null}},"34":{"start":{"line":129,"column":8},"end":{"line":129,"column":null}},"35":{"start":{"line":136,"column":7},"end":{"line":136,"column":null}},"36":{"start":{"line":145,"column":9},"end":{"line":145,"column":null}},"37":{"start":{"line":172,"column":15},"end":{"line":172,"column":null}},"38":{"start":{"line":85,"column":2},"end":{"line":214,"column":21}},"39":{"start":{"line":92,"column":37},"end":{"line":214,"column":21}},"40":{"start":{"line":216,"column":21},"end":{"line":214,"column":21}},"41":{"start":{"line":161,"column":18},"end":{"line":161,"column":null}},"42":{"start":{"line":215,"column":23},"end":{"line":214,"column":21}},"43":{"start":{"line":174,"column":16},"end":{"line":214,"column":21}}},"fnMap":{"0":{"name":"(anonymous_0)","decl":{"start":{"line":16,"column":2},"end":{"line":16,"column":8}},"loc":{"start":{"line":16,"column":8},"end":{"line":18,"column":null}},"line":16},"1":{"name":"shareItem","decl":{"start":{"line":22,"column":15},"end":{"line":22,"column":27}},"loc":{"start":{"line":22,"column":27},"end":{"line":36,"column":null}},"line":22},"2":{"name":"openLink","decl":{"start":{"line":38,"column":9},"end":{"line":38,"column":20}},"loc":{"start":{"line":38,"column":20},"end":{"line":41,"column":null}},"line":38},"3":{"name":"(anonymous_3)","decl":{"start":{"line":59,"column":2},"end":{"line":59,"column":8}},"loc":{"start":{"line":59,"column":8},"end":{"line":59,"column":null}},"line":59},"4":{"name":"(anonymous_4)","decl":{"start":{"line":62,"column":28},"end":{"line":62,"column":34}},"loc":{"start":{"line":62,"column":34},"end":{"line":69,"column":1}},"line":62},"5":{"name":"formatDate","decl":{"start":{"line":71,"column":9},"end":{"line":71,"column":20}},"loc":{"start":{"line":71,"column":41},"end":{"line":81,"column":null}},"line":71},"6":{"name":"(anonymous_6)","decl":{"start":{"line":90,"column":4},"end":{"line":90,"column":5}},"loc":{"start":{"line":90,"column":4},"end":{"line":90,"column":5}},"line":90},"7":{"name":"(anonymous_7)","decl":{"start":{"line":92,"column":4},"end":{"line":92,"column":37}},"loc":{"start":{"line":92,"column":37},"end":{"line":214,"column":21}},"line":92},"8":{"name":"(anonymous_8)","decl":{"start":{"line":153,"column":8},"end":{"line":153,"column":null}},"loc":{"start":{"line":216,"column":21},"end":{"line":214,"column":21}},"line":216},"9":{"name":"(anonymous_9)","decl":{"start":{"line":161,"column":16},"end":{"line":161,"column":18}},"loc":{"start":{"line":161,"column":18},"end":{"line":161,"column":null}},"line":161},"10":{"name":"(anonymous_10)","decl":{"start":{"line":163,"column":10},"end":{"line":163,"column":null}},"loc":{"start":{"line":215,"column":23},"end":{"line":214,"column":21}},"line":215},"11":{"name":"(anonymous_11)","decl":{"start":{"line":170,"column":12},"end":{"line":170,"column":13}},"loc":{"start":{"line":170,"column":12},"end":{"line":170,"column":13}},"line":170},"12":{"name":"(anonymous_12)","decl":{"start":{"line":172,"column":12},"end":{"line":172,"column":15}},"loc":{"start":{"line":174,"column":16},"end":{"line":214,"column":21}},"line":174}},"branchMap":{"0":{"loc":{"start":{"line":25,"column":4},"end":{"line":32,"column":null}},"type":"if","locations":[{"start":{"line":25,"column":4},"end":{"line":32,"column":null}},{"start":{"line":30,"column":11},"end":{"line":32,"column":null}}],"line":25},"1":{"loc":{"start":{"line":59,"column":8},"end":{"line":59,"column":null}},"type":"binary-expr","locations":[{"start":{"line":59,"column":8},"end":{"line":59,"column":46}},{"start":{"line":59,"column":46},"end":{"line":59,"column":null}}],"line":59},"2":{"loc":{"start":{"line":73,"column":2},"end":{"line":73,"column":null}},"type":"if","locations":[{"start":{"line":73,"column":2},"end":{"line":73,"column":null}},{"start":{},"end":{}}],"line":73},"3":{"loc":{"start":{"line":77,"column":2},"end":{"line":77,"column":null}},"type":"if","locations":[{"start":{"line":77,"column":2},"end":{"line":77,"column":null}},{"start":{},"end":{}}],"line":77},"4":{"loc":{"start":{"line":78,"column":2},"end":{"line":78,"column":null}},"type":"if","locations":[{"start":{"line":78,"column":2},"end":{"line":78,"column":null}},{"start":{},"end":{}}],"line":78},"5":{"loc":{"start":{"line":79,"column":2},"end":{"line":79,"column":null}},"type":"if","locations":[{"start":{"line":79,"column":2},"end":{"line":79,"column":null}},{"start":{},"end":{}}],"line":79},"6":{"loc":{"start":{"line":90,"column":16},"end":{"line":90,"column":null}},"type":"binary-expr","locations":[{"start":{"line":90,"column":16},"end":{"line":90,"column":24}},{"start":{"line":90,"column":16},"end":{"line":90,"column":null}}],"line":90},"7":{"loc":{"start":{"line":104,"column":14},"end":{"line":107,"column":null}},"type":"cond-expr","locations":[{"start":{"line":104,"column":19},"end":{"line":107,"column":null}},{"start":{"line":107,"column":38},"end":{"line":107,"column":null}}],"line":104},"8":{"loc":{"start":{"line":111,"column":16},"end":{"line":115,"column":null}},"type":"cond-expr","locations":[{"start":{"line":111,"column":16},"end":{"line":115,"column":null}},{"start":{"line":115,"column":18},"end":{"line":115,"column":null}}],"line":111},"9":{"loc":{"start":{"line":142,"column":12},"end":{"line":147,"column":null}},"type":"cond-expr","locations":[{"start":{"line":142,"column":17},"end":{"line":147,"column":null}}],"line":142},"10":{"loc":{"start":{"line":148,"column":10},"end":{"line":146,"column":69}},"type":"binary-expr","locations":[{"start":{"line":148,"column":10},"end":{"line":148,"column":null}},{"start":{"line":148,"column":10},"end":{"line":146,"column":69}}],"line":148},"11":{"loc":{"start":{"line":154,"column":16},"end":{"line":214,"column":21}},"type":"cond-expr","locations":[{"start":{"line":154,"column":16},"end":{"line":214,"column":21}}],"line":154},"12":{"loc":{"start":{"line":161,"column":16},"end":{"line":161,"column":null}},"type":"binary-expr","locations":[{"start":{"line":161,"column":16},"end":{"line":161,"column":18}},{"start":{"line":161,"column":16},"end":{"line":161,"column":null}}],"line":161},"13":{"loc":{"start":{"line":170,"column":18},"end":{"line":170,"column":null}},"type":"binary-expr","locations":[{"start":{"line":170,"column":18},"end":{"line":170,"column":23}},{"start":{"line":170,"column":18},"end":{"line":170,"column":null}}],"line":170},"14":{"loc":{"start":{"line":177,"column":22},"end":{"line":194,"column":21}},"type":"binary-expr","locations":[{"start":{"line":177,"column":22},"end":{"line":177,"column":null}},{"start":{"line":177,"column":22},"end":{"line":194,"column":21}}],"line":177},"15":{"loc":{"start":{"line":197,"column":22},"end":{"line":214,"column":21}},"type":"binary-expr","locations":[{"start":{"line":197,"column":22},"end":{"line":197,"column":null}},{"start":{"line":197,"column":22},"end":{"line":214,"column":21}}],"line":197}},"s":{"0":87,"1":87,"2":87,"3":87,"4":0,"5":2,"6":2,"7":2,"8":1,"9":1,"10":1,"11":1,"12":87,"13":87,"14":87,"15":87,"16":87,"17":87,"18":87,"19":87,"20":0,"21":14,"22":14,"23":0,"24":14,"25":14,"26":1,"27":13,"28":11,"29":2,"30":2,"31":1,"32":3,"33":3,"34":3,"35":3,"36":3,"37":3,"38":87,"39":87,"40":95,"41":1,"42":4,"43":4},"f":{"0":0,"1":2,"2":1,"3":87,"4":87,"5":14,"6":1,"7":87,"8":95,"9":1,"10":4,"11":3,"12":4},"b":{"0":[1,1],"1":[87,1],"2":[0,14],"3":[1,13],"4":[11,2],"5":[1,1],"6":[87,87],"7":[14,73],"8":[87,0],"9":[10,null],"10":[10,10],"11":[4,null],"12":[4,4],"13":[4,4],"14":[4,4],"15":[4,4]},"meta":{"lastBranch":16,"lastFunction":13,"lastStatement":44,"seen":{"s:7:14:7:Infinity":0,"s:11:6:11:Infinity":1,"s:12:6:12:Infinity":2,"s:14:0:20:Infinity":3,"f:16:2:16:8":0,"s:17:4:17:Infinity":4,"f:22:15:22:27":1,"s:23:2:23:Infinity":5,"s:24:2:35:Infinity":6,"b:25:4:32:Infinity:30:11:32:Infinity":0,"s:25:4:32:Infinity":7,"s:26:6:29:Infinity":8,"s:31:6:31:Infinity":9,"f:38:9:38:20":2,"s:39:2:39:Infinity":10,"s:40:2:40:Infinity":11,"s:46:4:50:Infinity":12,"s:52:22:56:Infinity":13,"s:58:6:60:Infinity":14,"f:59:2:59:8":3,"s:59:8:59:Infinity":15,"b:59:8:59:46:59:46:59:Infinity":1,"s:62:6:69:Infinity":16,"f:62:28:62:34":4,"s:63:2:68:Infinity":17,"s:64:19:64:Infinity":18,"s:65:4:65:Infinity":19,"s:67:4:67:Infinity":20,"f:71:9:71:20":5,"s:72:12:72:Infinity":21,"b:73:2:73:Infinity:undefined:undefined:undefined:undefined":2,"s:73:2:73:Infinity":22,"s:73:26:73:Infinity":23,"s:75:19:75:Infinity":24,"b:77:2:77:Infinity:undefined:undefined:undefined:undefined":3,"s:77:2:77:Infinity":25,"s:77:20:77:Infinity":26,"b:78:2:78:Infinity:undefined:undefined:undefined:undefined":4,"s:78:2:78:Infinity":27,"s:78:21:78:Infinity":28,"b:79:2:79:Infinity:undefined:undefined:undefined:undefined":5,"s:79:2:79:Infinity":29,"s:79:21:79:Infinity":30,"s:80:2:80:Infinity":31,"s:93:9:93:Infinity":32,"s:109:12:109:Infinity":33,"s:129:8:129:Infinity":34,"s:136:7:136:Infinity":35,"s:145:9:145:Infinity":36,"s:172:15:172:Infinity":37,"s:85:2:214:21":38,"b:90:16:90:24:90:16:90:Infinity":6,"f:90:4:90:5":6,"f:92:4:92:37":7,"s:92:37:214:21":39,"b:104:19:107:Infinity:107:38:107:Infinity":7,"b:111:16:115:Infinity:115:18:115:Infinity":8,"b:142:17:147:Infinity":9,"b:148:10:148:Infinity:148:10:146:69":10,"f:153:8:153:Infinity":8,"s:216:21:214:21":40,"b:154:16:214:21":11,"b:161:16:161:18:161:16:161:Infinity":12,"f:161:16:161:18":9,"s:161:18:161:Infinity":41,"f:163:10:163:Infinity":10,"s:215:23:214:21":42,"b:170:18:170:23:170:18:170:Infinity":13,"f:170:12:170:13":11,"f:172:12:172:15":12,"s:174:16:214:21":43,"b:177:22:177:Infinity:177:22:194:21":14,"b:197:22:197:Infinity:197:22:214:21":15}}}
,"/home/user/feed-ai/web/src/components/DigestFeed.vue": {"path":"/home/user/feed-ai/web/src/components/DigestFeed.vue","statementMap":{"0":{"start":{"line":13,"column":4},"end":{"line":13,"column":null}},"1":{"start":{"line":11,"column":2},"end":{"line":12,"column":null}},"2":{"start":{"line":15,"column":4},"end":{"line":18,"column":null}}},"fnMap":{"0":{"name":"(anonymous_0)","decl":{"start":{"line":16,"column":26},"end":{"line":16,"column":null}},"loc":{"start":{"line":16,"column":17},"end":{"line":18,"column":null}},"line":16}},"branchMap":{},"s":{"0":2,"1":44,"2":67},"f":{"0":67},"b":{},"meta":{"lastBranch":0,"lastFunction":1,"lastStatement":3,"seen":{"s:13:4:13:Infinity":0,"s:11:2:12:Infinity":1,"f:16:26:16:Infinity":0,"s:15:4:18:Infinity":2}}}
,"/home/user/feed-ai/web/src/components/EmptyState.vue": {"path":"/home/user/feed-ai/web/src/components/EmptyState.vue","statementMap":{"0":{"start":{"line":11,"column":4},"end":{"line":11,"column":null}},"1":{"start":{"line":10,"column":2},"end":{"line":26,"column":19}},"2":{"start":{"line":19,"column":4},"end":{"line":19,"column":18}},"3":{"start":{"line":26,"column":19},"end":{"line":26,"column":19}}},"fnMap":{"0":{"name":"(anonymous_0)","decl":{"start":{"line":17,"column":5},"end":{"line":17,"column":null}},"loc":{"start":{"line":19,"column":4},"end":{"line":19,"column":18}},"line":19},"1":{"name":"(anonymous_1)","decl":{"start":{"line":26,"column":6},"end":{"line":26,"column":9}},"loc":{"start":{"line":26,"column":19},"end":{"line":26,"column":19}},"line":26}},"branchMap":{"0":{"loc":{"start":{"line":19,"column":4},"end":{"line":19,"column":18}},"type":"binary-expr","locations":[{"start":{"line":19,"column":4},"end":{"line":19,"column":18}},{"start":{"line":19,"column":4},"end":{"line":19,"column":18}}],"line":19}},"s":{"0":2,"1":5,"2":5,"3":5},"f":{"0":5,"1":5},"b":{"0":[5,5]},"meta":{"lastBranch":1,"lastFunction":2,"lastStatement":4,"seen":{"s:11:4:11:Infinity":0,"s:10:2:26:19":1,"f:17:5:17:Infinity":0,"s:19:4:19:18":2,"b:19:4:19:18:19:4:19:18":0,"f:26:6:26:9":1,"s:26:19:26:19":3}}}
,"/home/user/feed-ai/web/src/components/StatCard.vue": {"path":"/home/user/feed-ai/web/src/components/StatCard.vue","statementMap":{"0":{"start":{"line":25,"column":9},"end":{"line":25,"column":42}},"1":{"start":{"line":13,"column":2},"end":{"line":25,"column":56}},"2":{"start":{"line":24,"column":10},"end":{"line":25,"column":56}}},"fnMap":{"0":{"name":"(anonymous_0)","decl":{"start":{"line":19,"column":4},"end":{"line":19,"column":null}},"loc":{"start":{"line":24,"column":10},"end":{"line":25,"column":56}},"line":24}},"branchMap":{"0":{"loc":{"start":{"line":17,"column":43},"end":{"line":17,"column":null}},"type":"binary-expr","locations":[{"start":{"line":17,"column":43},"end":{"line":17,"column":48}},{"start":{"line":17,"column":48},"end":{"line":17,"column":null}}],"line":17},"1":{"loc":{"start":{"line":21,"column":14},"end":{"line":21,"column":null}},"type":"cond-expr","locations":[{"start":{"line":21,"column":23},"end":{"line":21,"column":null}},{"start":{"line":21,"column":23},"end":{"line":21,"column":null}}],"line":21}},"s":{"0":2,"1":74,"2":74},"f":{"0":74},"b":{"0":[74,6],"1":[1,73]},"meta":{"lastBranch":2,"lastFunction":1,"lastStatement":3,"seen":{"s:25:9:25:42":0,"s:13:2:25:56":1,"b:17:43:17:48:17:48:17:Infinity":0,"f:19:4:19:Infinity":0,"s:24:10:25:56":2,"b:21:23:21:Infinity:21:23:21:Infinity":1}}}
,"/home/user/feed-ai/web/src/composables/useDashboard.ts": {"path":"/home/user/feed-ai/web/src/composables/useDashboard.ts","statementMap":{"0":{"start":{"line":3,"column":17},"end":{"line":3,"column":null}},"1":{"start":{"line":54,"column":8},"end":{"line":54,"column":null}},"2":{"start":{"line":55,"column":8},"end":{"line":55,"column":null}},"3":{"start":{"line":56,"column":8},"end":{"line":56,"column":null}},"4":{"start":{"line":59,"column":4},"end":{"line":59,"column":null}},"5":{"start":{"line":60,"column":4},"end":{"line":60,"column":null}},"6":{"start":{"line":62,"column":4},"end":{"line":75,"column":null}},"7":{"start":{"line":63,"column":18},"end":{"line":63,"column":null}},"8":{"start":{"line":65,"column":6},"end":{"line":68,"column":null}},"9":{"start":{"line":66,"column":8},"end":{"line":66,"column":null}},"10":{"start":{"line":67,"column":8},"end":{"line":67,"column":null}},"11":{"start":{"line":70,"column":6},"end":{"line":70,"column":null}},"12":{"start":{"line":72,"column":6},"end":{"line":72,"column":null}},"13":{"start":{"line":74,"column":6},"end":{"line":74,"column":null}},"14":{"start":{"line":78,"column":2},"end":{"line":78,"column":null}}},"fnMap":{"0":{"name":"useDashboard","decl":{"start":{"line":53,"column":16},"end":{"line":53,"column":31}},"loc":{"start":{"line":53,"column":31},"end":{"line":79,"column":null}},"line":53},"1":{"name":"fetchDashboard","decl":{"start":{"line":58,"column":17},"end":{"line":58,"column":34}},"loc":{"start":{"line":58,"column":34},"end":{"line":76,"column":null}},"line":58}},"branchMap":{"0":{"loc":{"start":{"line":3,"column":17},"end":{"line":3,"column":null}},"type":"binary-expr","locations":[{"start":{"line":3,"column":17},"end":{"line":3,"column":50}},{"start":{"line":3,"column":50},"end":{"line":3,"column":null}}],"line":3},"1":{"loc":{"start":{"line":65,"column":6},"end":{"line":68,"column":null}},"type":"if","locations":[{"start":{"line":65,"column":6},"end":{"line":68,"column":null}},{"start":{},"end":{}}],"line":65}},"s":{"0":2,"1":22,"2":22,"3":22,"4":23,"5":23,"6":23,"7":23,"8":21,"9":2,"10":2,"11":19,"12":1,"13":22,"14":22},"f":{"0":22,"1":23},"b":{"0":[2,2],"1":[2,19]},"meta":{"lastBranch":2,"lastFunction":2,"lastStatement":15,"seen":{"s:3:17:3:Infinity":0,"b:3:17:3:50:3:50:3:Infinity":0,"f:53:16:53:31":0,"s:54:8:54:Infinity":1,"s:55:8:55:Infinity":2,"s:56:8:56:Infinity":3,"f:58:17:58:34":1,"s:59:4:59:Infinity":4,"s:60:4:60:Infinity":5,"s:62:4:75:Infinity":6,"s:63:18:63:Infinity":7,"b:65:6:68:Infinity:undefined:undefined:undefined:undefined":1,"s:65:6:68:Infinity":8,"s:66:8:66:Infinity":9,"s:67:8:67:Infinity":10,"s:70:6:70:Infinity":11,"s:72:6:72:Infinity":12,"s:74:6:74:Infinity":13,"s:78:2:78:Infinity":14}}}
,"/home/user/feed-ai/web/src/composables/useDigest.ts": {"path":"/home/user/feed-ai/web/src/composables/useDigest.ts","statementMap":{"0":{"start":{"line":4,"column":17},"end":{"line":4,"column":null}},"1":{"start":{"line":7,"column":2},"end":{"line":7,"column":null}},"2":{"start":{"line":11,"column":8},"end":{"line":11,"column":null}},"3":{"start":{"line":12,"column":8},"end":{"line":12,"column":null}},"4":{"start":{"line":13,"column":8},"end":{"line":13,"column":null}},"5":{"start":{"line":14,"column":8},"end":{"line":14,"column":null}},"6":{"start":{"line":15,"column":8},"end":{"line":15,"column":null}},"7":{"start":{"line":17,"column":8},"end":{"line":17,"column":null}},"8":{"start":{"line":20,"column":4},"end":{"line":27,"column":null}},"9":{"start":{"line":21,"column":18},"end":{"line":21,"column":null}},"10":{"start":{"line":22,"column":6},"end":{"line":22,"column":null}},"11":{"start":{"line":22,"column":19},"end":{"line":22,"column":null}},"12":{"start":{"line":23,"column":44},"end":{"line":23,"column":null}},"13":{"start":{"line":24,"column":6},"end":{"line":24,"column":null}},"14":{"start":{"line":24,"column":45},"end":{"line":24,"column":51}},"15":{"start":{"line":35,"column":4},"end":{"line":37,"column":null}},"16":{"start":{"line":36,"column":6},"end":{"line":36,"column":null}},"17":{"start":{"line":38,"column":4},"end":{"line":38,"column":null}},"18":{"start":{"line":39,"column":4},"end":{"line":39,"column":null}},"19":{"start":{"line":41,"column":4},"end":{"line":62,"column":null}},"20":{"start":{"line":42,"column":18},"end":{"line":42,"column":null}},"21":{"start":{"line":43,"column":6},"end":{"line":50,"column":null}},"22":{"start":{"line":44,"column":8},"end":{"line":47,"column":null}},"23":{"start":{"line":48,"column":8},"end":{"line":48,"column":null}},"24":{"start":{"line":49,"column":8},"end":{"line":49,"column":null}},"25":{"start":{"line":51,"column":6},"end":{"line":51,"column":null}},"26":{"start":{"line":52,"column":6},"end":{"line":55,"column":null}},"27":{"start":{"line":53,"column":20},"end":{"line":53,"column":null}},"28":{"start":{"line":54,"column":8},"end":{"line":54,"column":null}},"29":{"start":{"line":54,"column":22},"end":{"line":54,"column":null}},"30":{"start":{"line":57,"column":6},"end":{"line":57,"column":null}},"31":{"start":{"line":58,"column":6},"end":{"line":58,"column":null}},"32":{"start":{"line":59,"column":6},"end":{"line":59,"column":null}},"33":{"start":{"line":61,"column":6},"end":{"line":61,"column":null}},"34":{"start":{"line":66,"column":4},"end":{"line":66,"column":null}},"35":{"start":{"line":67,"column":18},"end":{"line":67,"column":null}},"36":{"start":{"line":68,"column":4},"end":{"line":73,"column":null}},"37":{"start":{"line":69,"column":6},"end":{"line":69,"column":null}},"38":{"start":{"line":70,"column":6},"end":{"line":70,"column":null}},"39":{"start":{"line":72,"column":6},"end":{"line":72,"column":null}},"40":{"start":{"line":77,"column":4},"end":{"line":77,"column":null}},"41":{"start":{"line":77,"column":43},"end":{"line":77,"column":null}},"42":{"start":{"line":78,"column":4},"end":{"line":78,"column":null}},"43":{"start":{"line":79,"column":4},"end":{"line":79,"column":null}},"44":{"start":{"line":83,"column":4},"end":{"line":83,"column":null}},"45":{"start":{"line":84,"column":4},"end":{"line":84,"column":null}},"46":{"start":{"line":85,"column":4},"end":{"line":85,"column":null}},"47":{"start":{"line":86,"column":4},"end":{"line":86,"column":null}},"48":{"start":{"line":87,"column":4},"end":{"line":87,"column":null}},"49":{"start":{"line":91,"column":4},"end":{"line":96,"column":null}},"50":{"start":{"line":92,"column":6},"end":{"line":92,"column":null}},"51":{"start":{"line":92,"column":45},"end":{"line":92,"column":null}},"52":{"start":{"line":93,"column":6},"end":{"line":93,"column":null}},"53":{"start":{"line":94,"column":6},"end":{"line":94,"column":null}},"54":{"start":{"line":95,"column":6},"end":{"line":95,"column":null}},"55":{"start":{"line":97,"column":20},"end":{"line":97,"column":null}},"56":{"start":{"line":98,"column":4},"end":{"line":98,"column":null}},"57":{"start":{"line":98,"column":48},"end":{"line":98,"column":null}},"58":{"start":{"line":99,"column":4},"end":{"line":99,"column":null}},"59":{"start":{"line":100,"column":4},"end":{"line":100,"column":null}},"60":{"start":{"line":101,"column":4},"end":{"line":101,"column":null}},"61":{"start":{"line":105,"column":4},"end":{"line":105,"column":null}},"62":{"start":{"line":105,"column":28},"end":{"line":105,"column":null}},"63":{"start":{"line":107,"column":27},"end":{"line":107,"column":null}},"64":{"start":{"line":108,"column":29},"end":{"line":108,"column":null}},"65":{"start":{"line":110,"column":4},"end":{"line":113,"column":null}},"66":{"start":{"line":111,"column":6},"end":{"line":111,"column":null}},"67":{"start":{"line":112,"column":6},"end":{"line":112,"column":null}},"68":{"start":{"line":115,"column":20},"end":{"line":115,"column":null}},"69":{"start":{"line":116,"column":4},"end":{"line":116,"column":null}},"70":{"start":{"line":116,"column":21},"end":{"line":116,"column":null}},"71":{"start":{"line":117,"column":4},"end":{"line":117,"column":null}},"72":{"start":{"line":118,"column":4},"end":{"line":118,"column":null}},"73":{"start":{"line":119,"column":4},"end":{"line":119,"column":null}},"74":{"start":{"line":122,"column":8},"end":{"line":125,"column":null}},"75":{"start":{"line":123,"column":4},"end":{"line":123,"column":null}},"76":{"start":{"line":123,"column":28},"end":{"line":123,"column":null}},"77":{"start":{"line":124,"column":4},"end":{"line":124,"column":null}},"78":{"start":{"line":127,"column":8},"end":{"line":132,"column":null}},"79":{"start":{"line":128,"column":4},"end":{"line":128,"column":null}},"80":{"start":{"line":128,"column":28},"end":{"line":128,"column":null}},"81":{"start":{"line":129,"column":27},"end":{"line":129,"column":null}},"82":{"start":{"line":130,"column":29},"end":{"line":130,"column":null}},"83":{"start":{"line":131,"column":4},"end":{"line":131,"column":null}},"84":{"start":{"line":134,"column":8},"end":{"line":143,"column":null}},"85":{"start":{"line":135,"column":17},"end":{"line":137,"column":null}},"86":{"start":{"line":138,"column":4},"end":{"line":142,"column":null}},"87":{"start":{"line":145,"column":2},"end":{"line":156,"column":null}}},"fnMap":{"0":{"name":"todayDate","decl":{"start":{"line":6,"column":9},"end":{"line":6,"column":29}},"loc":{"start":{"line":6,"column":29},"end":{"line":8,"column":null}},"line":6},"1":{"name":"useDigest","decl":{"start":{"line":10,"column":16},"end":{"line":10,"column":28}},"loc":{"start":{"line":10,"column":28},"end":{"line":157,"column":null}},"line":10},"2":{"name":"fetchDigestList","decl":{"start":{"line":19,"column":17},"end":{"line":19,"column":35}},"loc":{"start":{"line":19,"column":35},"end":{"line":28,"column":null}},"line":19},"3":{"name":"(anonymous_3)","decl":{"start":{"line":24,"column":38},"end":{"line":24,"column":39}},"loc":{"start":{"line":24,"column":45},"end":{"line":24,"column":51}},"line":24},"4":{"name":"fetchDigest","decl":{"start":{"line":30,"column":17},"end":{"line":30,"column":null}},"loc":{"start":{"line":34,"column":4},"end":{"line":63,"column":null}},"line":34},"5":{"name":"fetchToday","decl":{"start":{"line":65,"column":17},"end":{"line":65,"column":30}},"loc":{"start":{"line":65,"column":30},"end":{"line":74,"column":null}},"line":65},"6":{"name":"fetchDate","decl":{"start":{"line":76,"column":17},"end":{"line":76,"column":27}},"loc":{"start":{"line":76,"column":62},"end":{"line":80,"column":null}},"line":76},"7":{"name":"showTodayEmpty","decl":{"start":{"line":82,"column":11},"end":{"line":82,"column":28}},"loc":{"start":{"line":82,"column":28},"end":{"line":88,"column":null}},"line":82},"8":{"name":"goToPrevious","decl":{"start":{"line":90,"column":17},"end":{"line":90,"column":32}},"loc":{"start":{"line":90,"column":32},"end":{"line":102,"column":null}},"line":90},"9":{"name":"goToNext","decl":{"start":{"line":104,"column":17},"end":{"line":104,"column":28}},"loc":{"start":{"line":104,"column":28},"end":{"line":120,"column":null}},"line":104},"10":{"name":"(anonymous_10)","decl":{"start":{"line":122,"column":31},"end":{"line":122,"column":37}},"loc":{"start":{"line":122,"column":37},"end":{"line":125,"column":3}},"line":122},"11":{"name":"(anonymous_11)","decl":{"start":{"line":127,"column":27},"end":{"line":127,"column":33}},"loc":{"start":{"line":127,"column":33},"end":{"line":132,"column":3}},"line":127},"12":{"name":"(anonymous_12)","decl":{"start":{"line":134,"column":33},"end":{"line":134,"column":39}},"loc":{"start":{"line":134,"column":39},"end":{"line":143,"column":3}},"line":134}},"branchMap":{"0":{"loc":{"start":{"line":4,"column":17},"end":{"line":4,"column":null}},"type":"binary-expr","locations":[{"start":{"line":4,"column":17},"end":{"line":4,"column":50}},{"start":{"line":4,"column":50},"end":{"line":4,"column":null}}],"line":4},"1":{"loc":{"start":{"line":22,"column":6},"end":{"line":22,"column":null}},"type":"if","locations":[{"start":{"line":22,"column":6},"end":{"line":22,"column":null}},{"start":{},"end":{}}],"line":22},"2":{"loc":{"start":{"line":33,"column":4},"end":{"line":33,"column":null}},"type":"default-arg","locations":[{"start":{"line":33,"column":18},"end":{"line":33,"column":null}}],"line":33},"3":{"loc":{"start":{"line":35,"column":4},"end":{"line":37,"column":null}},"type":"if","locations":[{"start":{"line":35,"column":4},"end":{"line":37,"column":null}},{"start":{},"end":{}}],"line":35},"4":{"loc":{"start":{"line":43,"column":6},"end":{"line":50,"column":null}},"type":"if","locations":[{"start":{"line":43,"column":6},"end":{"line":50,"column":null}},{"start":{},"end":{}}],"line":43},"5":{"loc":{"start":{"line":45,"column":10},"end":{"line":47,"column":null}},"type":"cond-expr","locations":[{"start":{"line":46,"column":14},"end":{"line":46,"column":null}},{"start":{"line":47,"column":14},"end":{"line":47,"column":null}}],"line":45},"6":{"loc":{"start":{"line":46,"column":14},"end":{"line":46,"column":null}},"type":"binary-expr","locations":[{"start":{"line":46,"column":14},"end":{"line":46,"column":33}},{"start":{"line":46,"column":33},"end":{"line":46,"column":null}}],"line":46},"7":{"loc":{"start":{"line":52,"column":6},"end":{"line":55,"column":null}},"type":"if","locations":[{"start":{"line":52,"column":6},"end":{"line":55,"column":null}},{"start":{},"end":{}}],"line":52},"8":{"loc":{"start":{"line":54,"column":8},"end":{"line":54,"column":null}},"type":"if","locations":[{"start":{"line":54,"column":8},"end":{"line":54,"column":null}},{"start":{},"end":{}}],"line":54},"9":{"loc":{"start":{"line":68,"column":4},"end":{"line":73,"column":null}},"type":"if","locations":[{"start":{"line":68,"column":4},"end":{"line":73,"column":null}},{"start":{"line":71,"column":11},"end":{"line":73,"column":null}}],"line":68},"10":{"loc":{"start":{"line":76,"column":41},"end":{"line":76,"column":62}},"type":"default-arg","locations":[{"start":{"line":76,"column":55},"end":{"line":76,"column":62}}],"line":76},"11":{"loc":{"start":{"line":77,"column":4},"end":{"line":77,"column":null}},"type":"if","locations":[{"start":{"line":77,"column":4},"end":{"line":77,"column":null}},{"start":{},"end":{}}],"line":77},"12":{"loc":{"start":{"line":91,"column":4},"end":{"line":96,"column":null}},"type":"if","locations":[{"start":{"line":91,"column":4},"end":{"line":96,"column":null}},{"start":{},"end":{}}],"line":91},"13":{"loc":{"start":{"line":92,"column":6},"end":{"line":92,"column":null}},"type":"if","locations":[{"start":{"line":92,"column":6},"end":{"line":92,"column":null}},{"start":{},"end":{}}],"line":92},"14":{"loc":{"start":{"line":98,"column":4},"end":{"line":98,"column":null}},"type":"if","locations":[{"start":{"line":98,"column":4},"end":{"line":98,"column":null}},{"start":{},"end":{}}],"line":98},"15":{"loc":{"start":{"line":105,"column":4},"end":{"line":105,"column":null}},"type":"if","locations":[{"start":{"line":105,"column":4},"end":{"line":105,"column":null}},{"start":{},"end":{}}],"line":105},"16":{"loc":{"start":{"line":110,"column":4},"end":{"line":113,"column":null}},"type":"if","locations":[{"start":{"line":110,"column":4},"end":{"line":113,"column":null}},{"start":{},"end":{}}],"line":110},"17":{"loc":{"start":{"line":110,"column":8},"end":{"line":110,"column":44}},"type":"binary-expr","locations":[{"start":{"line":110,"column":8},"end":{"line":110,"column":26}},{"start":{"line":110,"column":26},"end":{"line":110,"column":44}}],"line":110},"18":{"loc":{"start":{"line":116,"column":4},"end":{"line":116,"column":null}},"type":"if","locations":[{"start":{"line":116,"column":4},"end":{"line":116,"column":null}},{"start":{},"end":{}}],"line":116},"19":{"loc":{"start":{"line":123,"column":4},"end":{"line":123,"column":null}},"type":"if","locations":[{"start":{"line":123,"column":4},"end":{"line":123,"column":null}},{"start":{},"end":{}}],"line":123},"20":{"loc":{"start":{"line":128,"column":4},"end":{"line":128,"column":null}},"type":"if","locations":[{"start":{"line":128,"column":4},"end":{"line":128,"column":null}},{"start":{},"end":{}}],"line":128},"21":{"loc":{"start":{"line":131,"column":11},"end":{"line":131,"column":null}},"type":"cond-expr","locations":[{"start":{"line":131,"column":28},"end":{"line":131,"column":47}},{"start":{"line":131,"column":47},"end":{"line":131,"column":null}}],"line":131},"22":{"loc":{"start":{"line":135,"column":17},"end":{"line":137,"column":null}},"type":"cond-expr","locations":[{"start":{"line":136,"column":8},"end":{"line":136,"column":null}},{"start":{"line":137,"column":8},"end":{"line":137,"column":null}}],"line":135}},"s":{"0":2,"1":32,"2":24,"3":24,"4":24,"5":24,"6":24,"7":24,"8":24,"9":24,"10":22,"11":0,"12":22,"13":22,"14":45,"15":21,"16":18,"17":21,"18":21,"19":21,"20":21,"21":21,"22":0,"23":0,"24":0,"25":21,"26":21,"27":21,"28":21,"29":21,"30":0,"31":0,"32":0,"33":21,"34":19,"35":19,"36":19,"37":13,"38":13,"39":6,"40":8,"41":5,"42":8,"43":8,"44":7,"45":7,"46":7,"47":7,"48":7,"49":3,"50":1,"51":0,"52":1,"53":1,"54":1,"55":2,"56":2,"57":2,"58":1,"59":1,"60":1,"61":3,"62":1,"63":2,"64":2,"65":2,"66":1,"67":1,"68":1,"69":1,"70":0,"71":1,"72":1,"73":1,"74":24,"75":13,"76":2,"77":11,"78":24,"79":13,"80":2,"81":11,"82":11,"83":11,"84":24,"85":13,"86":13,"87":24},"f":{"0":32,"1":24,"2":24,"3":45,"4":21,"5":19,"6":8,"7":7,"8":3,"9":3,"10":13,"11":13,"12":13},"b":{"0":[2,2],"1":[0,22],"2":[21],"3":[18,3],"4":[0,21],"5":[0,0],"6":[0,0],"7":[21,0],"8":[21,0],"9":[13,6],"10":[8],"11":[5,3],"12":[1,2],"13":[0,1],"14":[1,1],"15":[1,2],"16":[1,1],"17":[2,1],"18":[0,1],"19":[2,11],"20":[2,11],"21":[11,0],"22":[11,2]},"meta":{"lastBranch":23,"lastFunction":13,"lastStatement":88,"seen":{"s:4:17:4:Infinity":0,"b:4:17:4:50:4:50:4:Infinity":0,"f:6:9:6:29":0,"s:7:2:7:Infinity":1,"f:10:16:10:28":1,"s:11:8:11:Infinity":2,"s:12:8:12:Infinity":3,"s:13:8:13:Infinity":4,"s:14:8:14:Infinity":5,"s:15:8:15:Infinity":6,"s:17:8:17:Infinity":7,"f:19:17:19:35":2,"s:20:4:27:Infinity":8,"s:21:18:21:Infinity":9,"b:22:6:22:Infinity:undefined:undefined:undefined:undefined":1,"s:22:6:22:Infinity":10,"s:22:19:22:Infinity":11,"s:23:44:23:Infinity":12,"s:24:6:24:Infinity":13,"f:24:38:24:39":3,"s:24:45:24:51":14,"f:30:17:30:Infinity":4,"b:33:18:33:Infinity":2,"b:35:4:37:Infinity:undefined:undefined:undefined:undefined":3,"s:35:4:37:Infinity":15,"s:36:6:36:Infinity":16,"s:38:4:38:Infinity":17,"s:39:4:39:Infinity":18,"s:41:4:62:Infinity":19,"s:42:18:42:Infinity":20,"b:43:6:50:Infinity:undefined:undefined:undefined:undefined":4,"s:43:6:50:Infinity":21,"s:44:8:47:Infinity":22,"b:46:14:46:Infinity:47:14:47:Infinity":5,"b:46:14:46:33:46:33:46:Infinity":6,"s:48:8:48:Infinity":23,"s:49:8:49:Infinity":24,"s:51:6:51:Infinity":25,"b:52:6:55:Infinity:undefined:undefined:undefined:undefined":7,"s:52:6:55:Infinity":26,"s:53:20:53:Infinity":27,"b:54:8:54:Infinity:undefined:undefined:undefined:undefined":8,"s:54:8:54:Infinity":28,"s:54:22:54:Infinity":29,"s:57:6:57:Infinity":30,"s:58:6:58:Infinity":31,"s:59:6:59:Infinity":32,"s:61:6:61:Infinity":33,"f:65:17:65:30":5,"s:66:4:66:Infinity":34,"s:67:18:67:Infinity":35,"b:68:4:73:Infinity:71:11:73:Infinity":9,"s:68:4:73:Infinity":36,"s:69:6:69:Infinity":37,"s:70:6:70:Infinity":38,"s:72:6:72:Infinity":39,"f:76:17:76:27":6,"b:76:55:76:62":10,"b:77:4:77:Infinity:undefined:undefined:undefined:undefined":11,"s:77:4:77:Infinity":40,"s:77:43:77:Infinity":41,"s:78:4:78:Infinity":42,"s:79:4:79:Infinity":43,"f:82:11:82:28":7,"s:83:4:83:Infinity":44,"s:84:4:84:Infinity":45,"s:85:4:85:Infinity":46,"s:86:4:86:Infinity":47,"s:87:4:87:Infinity":48,"f:90:17:90:32":8,"b:91:4:96:Infinity:undefined:undefined:undefined:undefined":12,"s:91:4:96:Infinity":49,"b:92:6:92:Infinity:undefined:undefined:undefined:undefined":13,"s:92:6:92:Infinity":50,"s:92:45:92:Infinity":51,"s:93:6:93:Infinity":52,"s:94:6:94:Infinity":53,"s:95:6:95:Infinity":54,"s:97:20:97:Infinity":55,"b:98:4:98:Infinity:undefined:undefined:undefined:undefined":14,"s:98:4:98:Infinity":56,"s:98:48:98:Infinity":57,"s:99:4:99:Infinity":58,"s:100:4:100:Infinity":59,"s:101:4:101:Infinity":60,"f:104:17:104:28":9,"b:105:4:105:Infinity:undefined:undefined:undefined:undefined":15,"s:105:4:105:Infinity":61,"s:105:28:105:Infinity":62,"s:107:27:107:Infinity":63,"s:108:29:108:Infinity":64,"b:110:4:113:Infinity:undefined:undefined:undefined:undefined":16,"s:110:4:113:Infinity":65,"b:110:8:110:26:110:26:110:44":17,"s:111:6:111:Infinity":66,"s:112:6:112:Infinity":67,"s:115:20:115:Infinity":68,"b:116:4:116:Infinity:undefined:undefined:undefined:undefined":18,"s:116:4:116:Infinity":69,"s:116:21:116:Infinity":70,"s:117:4:117:Infinity":71,"s:118:4:118:Infinity":72,"s:119:4:119:Infinity":73,"s:122:8:125:Infinity":74,"f:122:31:122:37":10,"b:123:4:123:Infinity:undefined:undefined:undefined:undefined":19,"s:123:4:123:Infinity":75,"s:123:28:123:Infinity":76,"s:124:4:124:Infinity":77,"s:127:8:132:Infinity":78,"f:127:27:127:33":11,"b:128:4:128:Infinity:undefined:undefined:undefined:undefined":20,"s:128:4:128:Infinity":79,"s:128:28:128:Infinity":80,"s:129:27:129:Infinity":81,"s:130:29:130:Infinity":82,"s:131:4:131:Infinity":83,"b:131:28:131:47:131:47:131:Infinity":21,"s:134:8:143:Infinity":84,"f:134:33:134:39":12,"s:135:17:137:Infinity":85,"b:136:8:136:Infinity:137:8:137:Infinity":22,"s:138:4:142:Infinity":86,"s:145:2:156:Infinity":87}}}
,"/home/user/feed-ai/web/src/utils/formatting.ts": {"path":"/home/user/feed-ai/web/src/utils/formatting.ts","statementMap":{"0":{"start":{"line":2,"column":2},"end":{"line":2,"column":null}},"1":{"start":{"line":2,"column":15},"end":{"line":2,"column":null}},"2":{"start":{"line":3,"column":18},"end":{"line":3,"column":null}},"3":{"start":{"line":4,"column":2},"end":{"line":4,"column":null}},"4":{"start":{"line":4,"column":20},"end":{"line":4,"column":null}},"5":{"start":{"line":5,"column":2},"end":{"line":5,"column":null}},"6":{"start":{"line":5,"column":22},"end":{"line":5,"column":null}},"7":{"start":{"line":6,"column":2},"end":{"line":6,"column":null}},"8":{"start":{"line":6,"column":23},"end":{"line":6,"column":null}},"9":{"start":{"line":7,"column":2},"end":{"line":7,"column":null}},"10":{"start":{"line":11,"column":2},"end":{"line":11,"column":null}},"11":{"start":{"line":11,"column":37},"end":{"line":11,"column":null}},"12":{"start":{"line":12,"column":2},"end":{"line":12,"column":null}},"13":{"start":{"line":12,"column":17},"end":{"line":12,"column":null}},"14":{"start":{"line":13,"column":2},"end":{"line":13,"column":null}}},"fnMap":{"0":{"name":"timeAgo","decl":{"start":{"line":1,"column":16},"end":{"line":1,"column":24}},"loc":{"start":{"line":1,"column":55},"end":{"line":8,"column":null}},"line":1},"1":{"name":"formatTokens","decl":{"start":{"line":10,"column":16},"end":{"line":10,"column":29}},"loc":{"start":{"line":10,"column":55},"end":{"line":14,"column":null}},"line":10}},"branchMap":{"0":{"loc":{"start":{"line":2,"column":2},"end":{"line":2,"column":null}},"type":"if","locations":[{"start":{"line":2,"column":2},"end":{"line":2,"column":null}},{"start":{},"end":{}}],"line":2},"1":{"loc":{"start":{"line":4,"column":2},"end":{"line":4,"column":null}},"type":"if","locations":[{"start":{"line":4,"column":2},"end":{"line":4,"column":null}},{"start":{},"end":{}}],"line":4},"2":{"loc":{"start":{"line":5,"column":2},"end":{"line":5,"column":null}},"type":"if","locations":[{"start":{"line":5,"column":2},"end":{"line":5,"column":null}},{"start":{},"end":{}}],"line":5},"3":{"loc":{"start":{"line":6,"column":2},"end":{"line":6,"column":null}},"type":"if","locations":[{"start":{"line":6,"column":2},"end":{"line":6,"column":null}},{"start":{},"end":{}}],"line":6},"4":{"loc":{"start":{"line":11,"column":2},"end":{"line":11,"column":null}},"type":"if","locations":[{"start":{"line":11,"column":2},"end":{"line":11,"column":null}},{"start":{},"end":{}}],"line":11},"5":{"loc":{"start":{"line":11,"column":6},"end":{"line":11,"column":37}},"type":"binary-expr","locations":[{"start":{"line":11,"column":6},"end":{"line":11,"column":20}},{"start":{"line":11,"column":20},"end":{"line":11,"column":37}}],"line":11},"6":{"loc":{"start":{"line":12,"column":2},"end":{"line":12,"column":null}},"type":"if","locations":[{"start":{"line":12,"column":2},"end":{"line":12,"column":null}},{"start":{},"end":{}}],"line":12}},"s":{"0":57,"1":2,"2":55,"3":55,"4":1,"5":54,"6":54,"7":53,"8":53,"9":52,"10":56,"11":1,"12":55,"13":55,"14":53},"f":{"0":57,"1":56},"b":{"0":[2,55],"1":[1,54],"2":[1,53],"3":[1,52],"4":[1,55],"5":[56,55],"6":[2,53]},"meta":{"lastBranch":7,"lastFunction":2,"lastStatement":15,"seen":{"f:1:16:1:24":0,"b:2:2:2:Infinity:undefined:undefined:undefined:undefined":0,"s:2:2:2:Infinity":0,"s:2:15:2:Infinity":1,"s:3:18:3:Infinity":2,"b:4:2:4:Infinity:undefined:undefined:undefined:undefined":1,"s:4:2:4:Infinity":3,"s:4:20:4:Infinity":4,"b:5:2:5:Infinity:undefined:undefined:undefined:undefined":2,"s:5:2:5:Infinity":5,"s:5:22:5:Infinity":6,"b:6:2:6:Infinity:undefined:undefined:undefined:undefined":3,"s:6:2:6:Infinity":7,"s:6:23:6:Infinity":8,"s:7:2:7:Infinity":9,"f:10:16:10:29":1,"b:11:2:11:Infinity:undefined:undefined:undefined:undefined":4,"s:11:2:11:Infinity":10,"b:11:6:11:20:11:20:11:37":5,"s:11:37:11:Infinity":11,"b:12:2:12:Infinity:undefined:undefined:undefined:undefined":6,"s:12:2:12:Infinity":12,"s:12:17:12:Infinity":13,"s:13:2:13:Infinity":14}}}
,"/home/user/feed-ai/web/src/views/DashboardView.vue": {"path":"/home/user/feed-ai/web/src/views/DashboardView.vue","statementMap":{"0":{"start":{"line":9,"column":45},"end":{"line":9,"column":null}},"1":{"start":{"line":11,"column":18},"end":{"line":19,"column":null}},"2":{"start":{"line":21,"column":22},"end":{"line":28,"column":null}},"3":{"start":{"line":30,"column":21},"end":{"line":35,"column":null}},"4":{"start":{"line":37,"column":0},"end":{"line":37,"column":null}},"5":{"start":{"line":41,"column":7},"end":{"line":41,"column":null}},"6":{"start":{"line":42,"column":9},"end":{"line":42,"column":null}},"7":{"start":{"line":44,"column":11},"end":{"line":44,"column":null}},"8":{"start":{"line":67,"column":8},"end":{"line":67,"column":null}},"9":{"start":{"line":75,"column":13},"end":{"line":75,"column":null}},"10":{"start":{"line":122,"column":18},"end":{"line":122,"column":null}},"11":{"start":{"line":125,"column":18},"end":{"line":125,"column":39}},"12":{"start":{"line":126,"column":18},"end":{"line":126,"column":null}},"13":{"start":{"line":129,"column":18},"end":{"line":129,"column":null}},"14":{"start":{"line":132,"column":18},"end":{"line":132,"column":null}},"15":{"start":{"line":135,"column":18},"end":{"line":135,"column":null}},"16":{"start":{"line":142,"column":18},"end":{"line":142,"column":null}},"17":{"start":{"line":185,"column":18},"end":{"line":185,"column":null}},"18":{"start":{"line":188,"column":18},"end":{"line":188,"column":null}},"19":{"start":{"line":199,"column":18},"end":{"line":199,"column":39}},"20":{"start":{"line":200,"column":18},"end":{"line":200,"column":null}},"21":{"start":{"line":203,"column":18},"end":{"line":203,"column":null}},"22":{"start":{"line":214,"column":18},"end":{"line":214,"column":null}},"23":{"start":{"line":245,"column":18},"end":{"line":245,"column":null}},"24":{"start":{"line":248,"column":18},"end":{"line":248,"column":null}},"25":{"start":{"line":259,"column":18},"end":{"line":259,"column":39}},"26":{"start":{"line":260,"column":18},"end":{"line":260,"column":null}},"27":{"start":{"line":268,"column":13},"end":{"line":268,"column":null}},"28":{"start":{"line":41,"column":2},"end":{"line":274,"column":19}},"29":{"start":{"line":51,"column":8},"end":{"line":51,"column":22}},"30":{"start":{"line":111,"column":15},"end":{"line":156,"column":25}},"31":{"start":{"line":118,"column":49},"end":{"line":156,"column":25}},"32":{"start":{"line":117,"column":12},"end":{"line":156,"column":25}},"33":{"start":{"line":174,"column":15},"end":{"line":216,"column":null}},"34":{"start":{"line":181,"column":44},"end":{"line":216,"column":null}},"35":{"start":{"line":180,"column":12},"end":{"line":216,"column":null}},"36":{"start":{"line":234,"column":15},"end":{"line":261,"column":null}},"37":{"start":{"line":241,"column":40},"end":{"line":261,"column":null}},"38":{"start":{"line":240,"column":12},"end":{"line":261,"column":null}},"39":{"start":{"line":271,"column":20},"end":{"line":271,"column":null}}},"fnMap":{"0":{"name":"(anonymous_0)","decl":{"start":{"line":49,"column":9},"end":{"line":49,"column":null}},"loc":{"start":{"line":51,"column":8},"end":{"line":51,"column":22}},"line":51},"1":{"name":"(anonymous_1)","decl":{"start":{"line":107,"column":10},"end":{"line":107,"column":null}},"loc":{"start":{"line":111,"column":15},"end":{"line":156,"column":25}},"line":111},"2":{"name":"(anonymous_2)","decl":{"start":{"line":118,"column":14},"end":{"line":118,"column":21}},"loc":{"start":{"line":118,"column":49},"end":{"line":156,"column":25}},"line":118},"3":{"name":"(anonymous_3)","decl":{"start":{"line":118,"column":48},"end":{"line":118,"column":49}},"loc":{"start":{"line":118,"column":25},"end":{"line":156,"column":25}},"line":118},"4":{"name":"(anonymous_4)","decl":{"start":{"line":170,"column":10},"end":{"line":170,"column":null}},"loc":{"start":{"line":174,"column":15},"end":{"line":216,"column":null}},"line":174},"5":{"name":"(anonymous_5)","decl":{"start":{"line":181,"column":14},"end":{"line":181,"column":21}},"loc":{"start":{"line":181,"column":44},"end":{"line":216,"column":null}},"line":181},"6":{"name":"(anonymous_6)","decl":{"start":{"line":181,"column":43},"end":{"line":181,"column":44}},"loc":{"start":{"line":181,"column":27},"end":{"line":216,"column":null}},"line":181},"7":{"name":"(anonymous_7)","decl":{"start":{"line":230,"column":10},"end":{"line":230,"column":null}},"loc":{"start":{"line":234,"column":15},"end":{"line":261,"column":null}},"line":234},"8":{"name":"(anonymous_8)","decl":{"start":{"line":241,"column":14},"end":{"line":241,"column":21}},"loc":{"start":{"line":241,"column":40},"end":{"line":261,"column":null}},"line":241},"9":{"name":"(anonymous_9)","decl":{"start":{"line":241,"column":39},"end":{"line":241,"column":40}},"loc":{"start":{"line":241,"column":24},"end":{"line":261,"column":null}},"line":241},"10":{"name":"(anonymous_10)","decl":{"start":{"line":271,"column":18},"end":{"line":271,"column":20}},"loc":{"start":{"line":271,"column":20},"end":{"line":271,"column":null}},"line":271}},"branchMap":{"0":{"loc":{"start":{"line":52,"column":12},"end":{"line":45,"column":67}},"type":"binary-expr","locations":[{"start":{"line":52,"column":12},"end":{"line":52,"column":null}},{"start":{"line":52,"column":12},"end":{"line":45,"column":67}}],"line":52},"1":{"loc":{"start":{"line":51,"column":8},"end":{"line":51,"column":22}},"type":"binary-expr","locations":[{"start":{"line":51,"column":8},"end":{"line":51,"column":22}},{"start":{"line":51,"column":8},"end":{"line":51,"column":22}}],"line":51},"2":{"loc":{"start":{"line":56,"column":14},"end":{"line":274,"column":19}},"type":"cond-expr","locations":[{"start":{"line":56,"column":14},"end":{"line":60,"column":null}},{"start":{"line":66,"column":19},"end":{"line":274,"column":19}}],"line":56},"3":{"loc":{"start":{"line":62,"column":12},"end":{"line":60,"column":null}},"type":"binary-expr","locations":[{"start":{"line":62,"column":12},"end":{"line":62,"column":null}},{"start":{"line":62,"column":12},"end":{"line":60,"column":null}}],"line":62},"4":{"loc":{"start":{"line":66,"column":19},"end":{"line":274,"column":19}},"type":"cond-expr","locations":[{"start":{"line":66,"column":19},"end":{"line":73,"column":null}},{"start":{"line":73,"column":27},"end":{"line":274,"column":19}}],"line":66},"5":{"loc":{"start":{"line":73,"column":27},"end":{"line":274,"column":19}},"type":"cond-expr","locations":[{"start":{"line":73,"column":27},"
[...]
},"line":279},"23":{"name":"(anonymous_23)","decl":{"start":{"line":280,"column":19},"end":{"line":280,"column":21}},"loc":{"start":{"line":280,"column":21},"end":{"line":280,"column":null}},"line":280},"24":{"name":"(anonymous_24)","decl":{"start":{"line":317,"column":18},"end":{"line":317,"column":25}},"loc":{"start":{"line":317,"column":43},"end":{"line":324,"column":65}},"line":317},"25":{"name":"(anonymous_25)","decl":{"start":{"line":317,"column":42},"end":{"line":317,"column":43}},"loc":{"start":{"line":317,"column":28},"end":{"line":324,"column":65}},"line":317},"26":{"name":"(anonymous_26)","decl":{"start":{"line":320,"column":18},"end":{"line":320,"column":null}},"loc":{"start":{"line":325,"column":24},"end":{"line":324,"column":65}},"line":325},"27":{"name":"(anonymous_27)","decl":{"start":{"line":334,"column":10},"end":{"line":334,"column":15}},"loc":{"start":{"line":339,"column":16},"end":{"line":338,"column":null}},"line":339}},"branchMap":{"0":{"loc":{"start":{"line":17,"column":28},"end":{"line":17,"column":68}},"type":"binary-expr","locations":[{"start":{"line":17,"column":28},"end":{"line":17,"column":63}},{"start":{"line":17,"column":63},"end":{"line":17,"column":68}}],"line":17},"1":{"loc":{"start":{"line":40,"column":2},"end":{"line":40,"column":null}},"type":"if","locations":[{"start":{"line":40,"column":2},"end":{"line":40,"column":null}},{"start":{},"end":{}}],"line":40},"2":{"loc":{"start":{"line":41,"column":2},"end":{"line":41,"column":null}},"type":"if","locations":[{"start":{"line":41,"column":2},"end":{"line":41,"column":null}},{"start":{},"end":{}}],"line":41},"3":{"loc":{"start":{"line":49,"column":2},"end":{"line":49,"column":null}},"type":"if","locations":[{"start":{"line":49,"column":2},"end":{"line":49,"column":null}},{"start":{},"end":{}}],"line":49},"4":{"loc":{"start":{"line":51,"column":2},"end":{"line":51,"column":null}},"type":"if","locations":[{"start":{"line":51,"column":2},"end":{"line":51,"column":null}},{"start":{},"end":{}}],"line":51},"5":{"loc":{"start":{"line":54,"column":22},"end":{"line":54,"column":null}},"type":"cond-expr","locations":[{"start":{"line":54,"column":31},"end":{"line":54,"column":51}},{"start":{"line":54,"column":51},"end":{"line":54,"column":null}}],"line":54},"6":{"loc":{"start":{"line":58,"column":4},"end":{"line":61,"column":null}},"type":"if","locations":[{"start":{"line":58,"column":4},"end":{"line":61,"column":null}},{"start":{},"end":{}}],"line":58},"7":{"loc":{"start":{"line":59,"column":13},"end":{"line":59,"column":null}},"type":"cond-expr","locations":[{"start":{"line":59,"column":22},"end":{"line":59,"column":39}},{"start":{"line":59,"column":39},"end":{"line":59,"column":null}}],"line":59},"8":{"loc":{"start":{"line":60,"column":20},"end":{"line":60,"column":45}},"type":"cond-expr","locations":[{"start":{"line":60,"column":29},"end":{"line":60,"column":38}},{"start":{"line":60,"column":38},"end":{"line":60,"column":45}}],"line":60},"9":{"loc":{"start":{"line":62,"column":33},"end":{"line":62,"column":54}},"type":"cond-expr","locations":[{"start":{"line":62,"column":47},"end":{"line":62,"column":51}},{"start":{"line":62,"column":51},"end":{"line":62,"column":54}}],"line":62},"10":{"loc":{"start":{"line":69,"column":14},"end":{"line":69,"column":null}},"type":"cond-expr","locations":[{"start":{"line":69,"column":37},"end":{"line":69,"column":41}},{"start":{"line":69,"column":41},"end":{"line":69,"column":null}}],"line":69},"11":{"loc":{"start":{"line":107,"column":11},"end":{"line":107,"column":null}},"type":"cond-expr","locations":[{"start":{"line":107,"column":34},"end":{"line":107,"column":51}},{"start":{"line":107,"column":51},"end":{"line":107,"column":null}}],"line":107},"12":{"loc":{"start":{"line":108,"column":18},"end":{"line":108,"column":57}},"type":"cond-expr","locations":[{"start":{"line":108,"column":41},"end":{"line":108,"column":50}},{"start":{"line":108,"column":50},"end":{"line":108,"column":57}}],"line":108},"13":{"loc":{"start":{"line":118,"column":4},"end":{"line":118,"column":null}},"type":"if","locations":[{"start":{"line":118,"column":4},"end":{"line":118,"column":null}},{"start":{},"end":{}}],"line":118},"14":{"loc":{"start":{"line":119,"column":4},"end":{"line":128,"column":null}},"type":"if","locations":[{"start":{"line":119,"column":4},"end":{"line":128,"column":null}},{"start":{},"end":{}}],"line":119},"15":{"loc":{"start":{"line":124,"column":10},"end":{"line":126,"column":null}},"type":"cond-expr","locations":[{"start":{"line":125,"column":14},"end":{"line":125,"column":null}},{"start":{"line":126,"column":14},"end":{"line":126,"column":null}}],"line":124},"16":{"loc":{"start":{"line":133,"column":36},"end":{"line":133,"column":75}},"type":"cond-expr","locations":[{"start":{"line":133,"column":52},"end":{"line":133,"column":72}},{"start":{"line":133,"column":72},"end":{"line":133,"column":75}}],"line":133},"17":{"loc":{"start":{"line":143,"column":2},"end":{"line":143,"column":null}},"type":"if","locations":[{"start":{"line":143,"column":2},"end":{"line":143,"column":null}},{"start":{},"end":{}}],"line":143},"18":{"loc":{"start":{"line":144,"column":9},"end":{"line":146,"column":null}},"type":"cond-expr","locations":[{"start":{"line":145,"column":6},"end":{"line":145,"column":null}},{"start":{"line":146,"column":6},"end":{"line":146,"column":null}}],"line":144},"19":{"loc":{"start":{"line":150,"column":22},"end":{"line":150,"column":null}},"type":"binary-expr","locations":[{"start":{"line":150,"column":22},"end":{"line":150,"column":47}},{"start":{"line":150,"column":47},"end":{"line":150,"column":null}}],"line":150},"20":{"loc":{"start":{"line":151,"column":22},"end":{"line":151,"column":null}},"type":"binary-expr","locations":[{"start":{"line":151,"column":22},"end":{"line":151,"column":47}},{"start":{"line":151,"column":47},"end":{"line":151,"column":null}}],"line":151},"21":{"loc":{"start":{"line":156,"column":2},"end":{"line":156,"column":null}},"type":"if","locations":[{"start":{"line":156,"column":2},"end":{"line":156,"column":null}},{"start":{},"end":{}}],"line":156},"22":{"loc":{"start":{"line":156,"column":6},"end":{"line":156,"column":66}},"type":"binary-expr","locations":[{"start":{"line":156,"column":6},"end":{"line":156,"column":26}},{"start":{"line":156,"column":26},"end":{"line":156,"column":48}},{"start":{"line":156,"column":48},"end":{"line":156,"column":66}}],"line":156},"23":{"loc":{"start":{"line":157,"column":14},"end":{"line":157,"column":44}},"type":"binary-expr","locations":[{"start":{"line":157,"column":14},"end":{"line":157,"column":39}},{"start":{"line":157,"column":39},"end":{"line":157,"column":44}}],"line":157},"24":{"loc":{"start":{"line":158,"column":14},"end":{"line":158,"column":44}},"type":"binary-expr","locations":[{"start":{"line":158,"column":14},"end":{"line":158,"column":39}},{"start":{"line":158,"column":39},"end":{"line":158,"column":44}}],"line":158},"25":{"loc":{"start":{"line":159,"column":2},"end":{"line":162,"column":null}},"type":"if","locations":[{"start":{"line":159,"column":2},"end":{"line":162,"column":null}},{"start":{},"end":{}}],"line":159},"26":{"loc":{"start":{"line":159,"column":6},"end":{"line":159,"column":63}},"type":"binary-expr","locations":[{"start":{"line":159,"column":6},"end":{"line":159,"column":34}},{"start":{"line":159,"column":34},"end":{"line":159,"column":63}}],"line":159},"27":{"loc":{"start":{"line":165,"column":2},"end":{"line":165,"column":null}},"type":"if","locations":[{"start":{"line":165,"column":2},"end":{"line":165,"column":null}},{"start":{},"end":{}}],"line":165},"28":{"loc":{"start":{"line":165,"column":6},"end":{"line":165,"column":43}},"type":"binary-expr","locations":[{"start":{"line":165,"column":6},"end":{"line":165,"column":19}},{"start":{"line":165,"column":19},"end":{"line":165,"column":43}}],"line":165},"29":{"loc":{"start":{"line":166,"column":2},"end":{"line":168,"column":null}},"type":"if","locations":[{"start":{"line":166,"column":2},"end":{"line":168,"column":null}},{"start":{},"end":{}}],"line":166},"30":{"loc":{"start":{"line":172,"column":2},"end":{"line":179,"column":null}},"type":"if","locations":[{"start":{"line":172,"column":2},"end":{"line":179,"column":null}},{"start":{},"end":{}}],"line":172},"31":{"loc":{"start":{"line":172,"column":6},"end":{"line":172,"column":65}},"type":"binary-expr","locations":[{"start":{"line":172,"column":6},"end":{"line":172,"column":46}},{"start":{"line":172,"column":46},"end":{"line":172,"column":65}}],"line":172},"32":{"loc":{"start":{"line":186,"column":2},"end":{"line":190,"column":null}},"type":"if","locations":[{"start":{"line":186,"column":2},"end":{"line":190,"column":null}},{"start":{"line":188,"column":9},"end":{"line":190,"column":null}}],"line":186},"33":{"loc":{"start":{"line":203,"column":12},"end":{"line":219,"column":77}},"type":"cond-expr","locations":[{"start":{"line":203,"column":32},"end":{"line":219,"column":77}}],"line":203},"34":{"loc":{"start":{"line":203,"column":12},"end":{"line":203,"column":null}},"type":"binary-expr","locations":[{"start":{"line":203,"column":12},"end":{"line":203,"column":32}},{"start":{"line":203,"column":32},"end":{"line":203,"column":null}}],"line":203},"35":{"loc":{"start":{"line":209,"column":108},"end":{"line":209,"column":null}},"type":"cond-expr","locations":[{"start":{"line":209,"column":118},"end":{"line":209,"column":null}},{"start":{"line":209,"column":118},"end":{"line":209,"column":null}}],"line":209},"36":{"loc":{"start":{"line":213,"column":16},"end":{"line":213,"column":null}},"type":"cond-expr","locations":[{"start":{"line":213,"column":44},"end":{"line":213,"column":120}},{"start":{"line":213,"column":120},"end":{"line":213,"column":null}}],"line":213},"37":{"loc":{"start":{"line":225,"column":12},"end":{"line":338,"column":null}},"type":"cond-expr","locations":[{"start":{"line":225,"column":24},"end":{"line":247,"column":35}},{"start":{"line":247,"column":25},"end":{"line":338,"column":null}}],"line":225},"38":{"loc":{"start":{"line":225,"column":12},"end":{"line":225,"column":null}},"type":"binary-expr","locations":[{"start":{"line":225,"column":12},"end":{"line":225,"column":19}},{"start":{"line":225,"column":19},"end":{"line":225,"column":null}}],"line":225},"39":{"loc":{"start":{"line":232,"column":16},"end":{"line":232,"column":null}},"type":"binary-expr","locations":[{"start":{"line":232,"column":16},"end":{"line":232,"column":null}},{"start":{"line":232,"column":16},"end":{"line":232,"column":null}}],"line":232},"40":{"loc":{"start":{"line":247,"column":25},"end":{"line":338,"column":null}},"type":"cond-expr","locations":[{"start":{"line":247,"column":35},"end":{"line":338,"column":null}}],"line":247},"41":{"loc":{"start":{"line":247,"column":25},"end":{"line":247,"column":null}},"type":"binary-expr","locations":[{"start":{"line":247,"column":25},"end":{"line":247,"column":35}},{"start":{"line":247,"column":35},"end":{"line":247,"column":null}}],"line":247},"42":{"loc":{"start":{"line":265,"column":20},"end":{"line":267,"column":null}},"type":"cond-expr","locations":[{"start":{"line":265,"column":20},"end":{"line":267,"column":null}},{"start":{"line":267,"column":14},"end":{"line":267,"column":null}}],"line":265},"43":{"loc":{"start":{"line":276,"column":27},"end":{"line":276,"column":null}},"type":"cond-expr","locations":[{"start":{"line":276,"column":36},"end":{"line":276,"column":75}},{"start":{"line":276,"column":75},"end":{"line":276,"column":null}}],"line":276},"44":{"loc":{"start":{"line":279,"column":23},"end":{"line":279,"column":null}},"type":"binary-expr","locations":[{"start":{"line":279,"column":23},"end":{"line":279,"column":25}},{"start":{"line":279,"column":23},"end":{"line":279,"column":null}}],"line":279},"45":{"loc":{"start":{"line":280,"column":19},"end":{"line":280,"column":null}},"type":"binary-expr","locations":[{"start":{"line":280,"column":19},"end":{"line":280,"column":21}},{"start":{"line":280,"column":19},"end":{"line":280,"column":null}}],"line":280},"46":{"loc":{"start":{"line":285,"column":20},"end":{"line":324,"column":65}},"type":"cond-expr","locations":[{"start":{"line":285,"column":20},"end":{"line":286,"column":null}},{"start":{"line":290,"column":33},"end":{"line":324,"column":65}}],"line":285},"47":{"loc":{"start":{"line":290,"column":33},"end":{"line":324,"column":65}},"type":"cond-expr","locations":[{"start":{"line":290,"column":33},"end":{"line":324,"column":65}}],"line":290},"48":{"loc":{"start":{"line":336,"column":20},"end":{"line":338,"column":null}},"type":"cond-expr","locations":[{"start":{"line":336,"column":20},"end":{"line":338,"column":null}},{"start":{"line":338,"column":14},"end":{"line":338,"column":null}}],"line":336}},"s":{"0":1,"1":1,"2":1,"3":12,"4":12,"5":12,"6":12,"7":12,"8":50,"9":0,"10":50,"11":20,"12":30,"13":90,"14":12,"15":0,"16":0,"17":0,"18":0,"19":0,"20":0,"21":0,"22":0,"23":0,"24":0,"25":0,"26":0,"27":0,"28":0,"29":0,"30":0,"31":0,"32":12,"33":0,"34":0,"35":12,"36":0,"37":0,"38":0,"39":0,"40":0,"41":0,"42":0,"43":0,"44":0,"45":0,"46":12,"47":22,"48":10,"49":0,"50":10,"51":9,"52":12,"53":0,"54":12,"55":12,"56":12,"57":12,"58":12,"59":12,"60":0,"61":0,"62":0,"63":0,"64":0,"65":0,"66":0,"67":0,"68":0,"69":0,"70":0,"71":0,"72":0,"73":0,"74":0,"75":0,"76":0,"77":0,"78":0,"79":0,"80":0,"81":0,"82":0,"83":0,"84":0,"85":0,"86":0,"87":0,"88":12,"89":12,"90":12,"91":1,"92":11,"93":1,"94":1,"95":1,"96":1,"97":1,"98":1,"99":1,"100":34,"101":50,"102":12,"103":12,"104":12,"105":0,"106":0,"107":10,"108":40,"109":40,"110":12},"f":{"0":50,"1":90,"2":0,"3":0,"4":0,"5":0,"6":0,"7":0,"8":0,"9":0,"10":22,"11":10,"12":0,"13":0,"14":0,"15":0,"16":0,"17":12,"18":50,"19":12,"20":12,"21":12,"22":0,"23":0,"24":10,"25":40,"26":40,"27":12},"b":{"0":[12,12],"1":[0,50],"2":[20,30],"3":[0,0],"4":[0,0],"5":[0,0],"6":[0,0],"7":[0,0],"8":[0,0],"9":[0,0],"10":[0,0],"11":[0,0],"12":[0,0],"13":[0,10],"14":[9,1],"15":[0,9],"16":[0,0],"17":[0,0],"18":[0,0],"19":[0,0],"20":[0,0],"21":[0,0],"22":[0,0,0],"23":[0,0],"24":[0,0],"25":[0,0],"26":[0,0],"27":[0,0],"28":[0,0],"29":[0,0],"30":[0,0],"31":[0,0],"32":[1,11],"33":[0,null],"34":[34,34],"35":[0,0],"36":[0,0],"37":[10,24],"38":[34,10],"39":[50,10],"40":[12,null],"41":[24,14],"42":[11,1],"43":[10,2],"44":[12,12],"45":[12,12],"46":[2,10],"47":[10,null],"48":[0,12]},"meta":{"lastBranch":49,"lastFunction":28,"lastStatement":111,"seen":{"s:20:21:20:Infinity":0,"s:23:23:23:Infinity":1,"s:24:23:24:Infinity":2,"s:13:6:13:Infinity":3,"s:14:6:14:Infinity":4,"s:16:19:16:Infinity":5,"s:17:6:17:Infinity":6,"b:17:28:17:63:17:63:17:68":0,"s:37:0:37:Infinity":7,"f:39:9:39:26":0,"b:40:2:40:Infinity:undefined:undefined:undefined:undefined":1,"s:40:2:40:Infinity":8,"s:40:21:40:Infinity":9,"b:41:2:41:Infinity:undefined:undefined:undefined:undefined":2,"s:41:2:41:Infinity":10,"s:41:21:41:Infinity":11,"s:42:2:42:Infinity":12,"f:42:35:42:36":1,"s:42:42:42:60":13,"s:46:6:46:Infinity":14,"f:48:15:48:34":2,"b:49:2:49:Infinity:undefined:undefined:undefined:undefined":3,"s:49:2:49:Infinity":15,"s:49:27:49:Infinity":16,"s:50:14:50:Infinity":17,"b:51:2:51:Infinity:undefined:undefined:undefined:undefined":4,"s:51:2:51:Infinity":18,"s:51:28:51:Infinity":19,"s:53:17:53:Infinity":20,"s:54:22:54:Infinity":21,"b:54:31:54:51:54:51:54:Infinity":5,"s:56:2:56:Infinity":22,"s:57:2:65:Infinity":23,"b:58:4:61:Infinity:undefined:undefined:undefined:undefined":6,"s:58:4:61:Infinity":24,"s:59:6:59:Infinity":25,"b:59:22:59:39:59:39:59:Infinity":7,"s:60:6:60:Infinity":26,"b:60:29:60:38:60:38:60:45":8,"s:62:4:62:Infinity":27,"b:62:47:62:51:62:51:62:54":9,"s:64:4:64:Infinity":28,"f:68:9:68:23":3,"s:69:14:69:Infinity":29,"b:69:37:69:41:69:41:69:Infinity":10,"s:70:2:70:Infinity":30,"s:71:2:71:Infinity":31,"s:75:35:75:Infinity":32,"f:77:9:77:21":4,"s:78:2:78:Infinity":33,"f:81:9:81:28":5,"s:82:2:82:Infinity":34,"s:86:6:86:Infinity":35,"f:88:9:88:25":6,"s:89:19:89:Infinity":36,"s:90:2:90:Infinity":37,"f:93:9:93:27":7,"s:94:2:94:Infinity":38,"f:98:9:98:21":8,"s:99:2:99:Infinity":39,"s:100:2:100:Infinity":40,"f:104:15:104:30":9,"s:105:2:105:Infinity":41,"s:106:2:111:Infinity":42,"s:107:4:107:Infinity":43,"b:107:34:107:51:107:51:107:Infinity":11,"s:108:4:108:Infinity":44,"b:108:41:108:50:108:50:108:57":12,"s:110:4:110:Infinity":45,"s:115:0:130:Infinity":46,"f:116:2:116:8":10,"s:116:8:116:Infinity":47,"f:117:2:117:3":11,"b:118:4:118:Infinity:undefined:undefined:undefined:undefined":13,"s:118:4:118:Infinity":48,"s:118:15:118:Infinity":49,"b:119:4:128:Infinity:undefined:undefined:undefined:undefined":14,"s:119:4:128:Infinity":50,"s:120:6:127:Infinity":51,"b:125:14:125:Infinity:126:14:126:Infinity":15,"s:132:0:134:Infinity":52,"f:132:22:132:23":12,"s:133:2:133:Infinity":53,"b:133:52:133:72:133:72:133:75":16,"s:137:6:137:Infinity":54,"s:138:6:138:Infinity":55,"s:139:6:139:Infinity":56,"s:140:6:140:Infinity":57,"s:141:6:141:Infinity":58,"s:142:6:147:Infinity":59,"f:142:26:142:32":13,"b:143:2:143:Infinity:undefined:undefined:undefined:undefined":17,"s:143:2:143:Infinity":60,"s:143:24:143:Infinity":61,"s:144:2:146:Infinity":62,"b:145:6:145:Infinity:146:6:146:Infinity":18,"f:149:9:149:22":14,"s:150:2:150:Infinity":63,"b:150:22:150:47:150:47:150:Infinity":19,"s:151:2:151:Infinity":64,"b:151:22:151:47:151:47:151:Infinity":20,"s:152:2:152:Infinity":65,"f:155:9:155:21":15,"b:156:2:156:Infinity:undefined:undefined:undefined:undefined":21,"s:156:2:156:Infinity":66,"b:156:6:156:26:156:26:156:48:156:48:156:66":22,"s:156:66:156:Infinity":67,"s:157:8:157:Infinity":68,"b:157:14:157:39:157:39:157:44":23,"s:158:8:158:Infinity":69,"b:158:14:158:39:158:39:158:44":24,"b:159:2:162:Infinity:undefined:undefined:undefined:undefined":25,"s:159:2:162:Infinity":70,"b:159:6:159:34:159:34:159:63":26,"s:160:4:160:Infinity":71,"s:161:4:161:Infinity":72,"s:163:22:163:Infinity":73,"s:164:19:164:Infinity":74,"b:165:2:165:Infinity:undefined:undefined:undefined:undefined":27,"s:165:2:165:Infinity":75,"b:165:6:165:19:165:19:165:43":28,"s:165:43:165:Infinity":76,"b:166:2:168:Infinity:undefined:undefined:undefined:undefined":29,"s:166:2:168:Infinity":77,"s:167:4:167:Infinity":78,"f:171:15:171:28":16,"b:172:2:179:Infinity:undefined:undefined:undefined:undefined":30,"s:172:2:179:Infinity":79,"b:172:6:172:46:172:46:172:65":31,"s:173:4:173:Infinity":80,"s:174:4:174:Infinity":81,"s:175:4:175:Infinity":82,"s:176:4:176:Infinity":83,"s:177:4:177:Infinity":84,"s:178:4:178:Infinity":85,"s:180:2:180:Infinity":86,"s:181:2:181:Infinity":87,"s:184:0:191:Infinity":88,"f:184:10:184:22":17,"s:185:20:185:Infinity":89,"b:186:2:190:Infinity:188:9:190:Infinity":32,"s:186:2:190:Infinity":90,"s:187:4:187:Infinity":91,"s:189:4:189:Infinity":92,"s:207:11:207:Infinity":93,"s:219:14:219:59":94,"s:228:11:228:Infinity":95,"s:263:15:263:Infinity":96,"s:273:15:273:Infinity":97,"s:292:19:292:Infinity":98,"s:334:15:334:Infinity":99,"s:195:2:338:Infinity":100,"b:203:32:219:77":33,"b:203:12:203:32:203:32:203:Infinity":34,"b:209:118:209:Infinity:209:118:209:Infinity":35,"b:213:44:213:120:213:120:213:Infinity":36,"b:225:24:247:35:247:25:338:Infinity":37,"b:225:12:225:19:225:19:225:Infinity":38,"f:230:23:230:Infinity":18,"s:229:8:232:Infinity":101,"b:232:16:232:Infinity:232:16:232:Infinity":39,"b:247:35:338:Infinity":40,"b:247:25:247:35:247:35:247:Infinity":41,"f:261:8:261:37":19,"s:261:37:338:Infinity":102,"f:263:10:263:15":20,"s:268:16:267:Infinity":103,"b:265:20:267:Infinity:267:14:267:Infinity":42,"f:273:10:273:15":21,"s:329:16:324:65":104,"b:276:36:276:75:276:75:276:Infinity":43,"b:279:23:279:25:279:23:279:Infinity":44,"f:279:23:279:25":22,"s:279:25:279:Infinity":105,"b:280:19:280:21:280:19:280:Infinity":45,"f:280:19:280:21":23,"s:280:21:280:Infinity":106,"b:285:20:286:Infinity:290:33:324:65":46,"b:290:33:324:65":47,"f:317:18:317:25":24,"s:317:43:324:65":107,"f:317:42:317:43":25,"s:316:16:324:65":108,"f:320:18:320:Infinity":26,"s:325:24:324:65":109,"f:334:10:334:15":27,"s:339:16:338:Infinity":110,"b:336:20:338:Infinity:338:14:338:Infinity":48}}}
}
